ok 1 - 1: re: (?^u:$). got: (?^u:$)
ok 2 - 2: re: (?^u:$(?<=^(a))). got: (?^u:$(?<=^(a)))
ok 3 - 3: re: (?^u:$b). got: (?^u:$b)
ok 4 - 4: re: (?^u:'$'i). got: (?^u:'$'i)
ok 5 - 5: re: (?^u:'$'m). got: (?^u:'$'m)
ok 6 - 6: re: (?^u:'$b'i). got: (?^u:'$b'i)
ok 7 - 7: re: (?^u:'((((((((((a))))))))))${bang}'i). got: (?^u:'((((((((((a))))))))))${bang}'i)
ok 8 - 8: re: (?^u:'((((((((((a))))))))))'i). got: (?^u:'((((((((((a))))))))))'i)
ok 9 - 9: re: (?^u:'((((((((((a))))))))))\10'i). got: (?^u:'((((((((((a))))))))))\10'i)
ok 10 - 10: re: (?^u:'(((((((((a)))))))))'i). got: (?^u:'(((((((((a)))))))))'i)
ok 11 - 11: re: (?^u:'((?-i)a)b'i). got: (?^u:'((?-i)a)b'i)
ok 12 - 12: re: (?^u:'((?-i:a))b'i). got: (?^u:'((?-i:a))b'i)
ok 13 - 13: re: (?^u:'((?-i:a.))b'i). got: (?^u:'((?-i:a.))b'i)
ok 14 - 14: re: (?^u:'((?-i:a\N))b'i). got: (?^u:'((?-i:a\N))b'i)
ok 15 - 15: re: (?^u:'((?-x:.) )'x). got: (?^u:'((?-x:.) )'x)
ok 16 - 16: re: (?^u:'((?s-i:a.))b'i). got: (?^u:'((?s-i:a.))b'i)
ok 17 - 17: re: (?^u:'((?s-i:a\N))b'i). got: (?^u:'((?s-i:a\N))b'i)
ok 18 - 18: re: (?^u:'((?x:.) )'). got: (?^u:'((?x:.) )')
ok 19 - 19: re: (?^u:'((a)(b)c)(d)'i). got: (?^u:'((a)(b)c)(d)'i)
ok 20 - 20: re: (?^u:'((a))'i). got: (?^u:'((a))'i)
ok 21 - 21: re: (?^u:'()ef'i). got: (?^u:'()ef'i)
Error: Unknown verb pattern '' in regex; marked by <-- HERE in m/'(*) <-- HERE b'i/ at xt/author/perl-5.21.11.t line 37, <DATA> line 1199.
ok 22 - 23: re: (?^u:'(.*)c(.*)'i). got: (?^u:'(.*)c(.*)'i)
ok 23 - 24: re: (?^u:'(?!\A)x'm). got: (?^u:'(?!\A)x'm)
ok 24 - 25: re: (?^u:'(?-i:a)b'i). got: (?^u:'(?-i:a)b'i)
ok 25 - 26: re: (?^u:'(?-m:^abc)'m). got: (?^u:'(?-m:^abc)'m)
ok 26 - 27: re: (?^u:'(?:(?-i)a)b'i). got: (?^u:'(?:(?-i)a)b'i)
ok 27 - 28: re: (?^u:'(?:(?:(?:(?:(?:(?:(?:(?:(?:(a))))))))))'i). got: (?^u:'(?:(?:(?:(?:(?:(?:(?:(?:(?:(a))))))))))'i)
ok 28 - 29: re: (?^u:'(?:(?:(?:(?:(?:(?:(?:(?:(?:(a|b|c))))))))))'i). got: (?^u:'(?:(?:(?:(?:(?:(?:(?:(?:(?:(a|b|c))))))))))'i)
ok 29 - 30: re: (?^u:'([a-c]*)\1'i). got: (?^u:'([a-c]*)\1'i)
ok 30 - 31: re: (?^u:'([abc])*bcd'i). got: (?^u:'([abc])*bcd'i)
ok 31 - 32: re: (?^u:'([abc])*d'i). got: (?^u:'([abc])*d'i)
ok 32 - 33: re: (?^u:'(\.c(pp|xx|c)?$)'i). got: (?^u:'(\.c(pp|xx|c)?$)'i)
ok 33 - 34: re: (?^u:'(a)b(c)'i). got: (?^u:'(a)b(c)'i)
ok 34 - 35: re: (?^u:'(a+|b)*'i). got: (?^u:'(a+|b)*'i)
ok 35 - 36: re: (?^u:'(a+|b)+'i). got: (?^u:'(a+|b)+'i)
ok 36 - 37: re: (?^u:'(a+|b)?'i). got: (?^u:'(a+|b)?'i)
ok 37 - 38: re: (?^u:'(a+|b){0,1}'i). got: (?^u:'(a+|b){0,1}'i)
ok 38 - 39: re: (?^u:'(a+|b){0,1}?'i). got: (?^u:'(a+|b){0,1}?'i)
ok 39 - 40: re: (?^u:'(a+|b){0,}'i). got: (?^u:'(a+|b){0,}'i)
ok 40 - 41: re: (?^u:'(a+|b){1,}'i). got: (?^u:'(a+|b){1,}'i)
ok 41 - 42: re: (?^u:'(ab)\d\1'i). got: (?^u:'(ab)\d\1'i)
Error: Unmatched ( in regex; marked by <-- HERE in m/'( <-- HERE abc'i/ at xt/author/perl-5.21.11.t line 37, <DATA> line 1199.
ok 42 - 44: re: (?^u:'(abc)\1'i). got: (?^u:'(abc)\1'i)
ok 43 - 45: re: (?^u:'(abc|)ef'i). got: (?^u:'(abc|)ef'i)
ok 44 - 46: re: (?^u:'(ab|a)b*c'i). got: (?^u:'(ab|a)b*c'i)
ok 45 - 47: re: (?^u:'(ab|ab*)bc'i). got: (?^u:'(ab|ab*)bc'i)
ok 46 - 48: re: (?^u:'(ab|cd)e'i). got: (?^u:'(ab|cd)e'i)
ok 47 - 49: re: (?^u:'(a|b)c*d'i). got: (?^u:'(a|b)c*d'i)
ok 48 - 50: re: (?^u:'(a|b|c|d|e)f'i). got: (?^u:'(a|b|c|d|e)f'i)
ok 49 - 51: re: (?^u:'(b.)c(?!\N)'s). got: (?^u:'(b.)c(?!\N)'s)
ok 50 - 52: re: (?^u:'(bc+d$|ef*g.|h?i(j|k))'i). got: (?^u:'(bc+d$|ef*g.|h?i(j|k))'i)
Error: Quantifier follows nothing in regex; marked by <-- HERE in m/'(|* <-- HERE )b'i/ at xt/author/perl-5.21.11.t line 37, <DATA> line 1199.
Error: Unmatched ) in regex; marked by <-- HERE in m/') <-- HERE ('i/ at xt/author/perl-5.21.11.t line 37, <DATA> line 1199.
ok 51 - 55: re: (?^u:'*a'i). got: (?^u:'*a'i)
ok 52 - 56: re: (?^u:'[[:^cntrl:]]+'u). got: (?^u:'[[:^cntrl:]]+'u)
ok 53 - 57: re: (?^u:'[\x{100}\xff]'i). got: (?^u:'[\x{100}\xff]'i)
ok 54 - 58: re: (?^u:'[^ab]*'i). got: (?^u:'[^ab]*'i)
ok 55 - 59: re: (?^u:'[a-zA-Z_][a-zA-Z0-9_]*'i). got: (?^u:'[a-zA-Z_][a-zA-Z0-9_]*'i)
ok 56 - 60: re: (?^u:'[abhgefdc]ij'i). got: (?^u:'[abhgefdc]ij'i)
ok 57 - 61: re: (?^u:'[k]'i). got: (?^u:'[k]'i)
ok 58 - 62: re: (?^u:'\((.*), (.*)\)'i). got: (?^u:'\((.*), (.*)\)'i)
ok 59 - 63: re: (?^u:'\.c(pp|xx|c)?$'i). got: (?^u:'\.c(pp|xx|c)?$'i)
ok 60 - 64: re: (?^u:'\Aa$'m). got: (?^u:'\Aa$'m)
ok 61 - 65: re: (?^u:'\Awibble\z'm). got: (?^u:'\Awibble\z'm)
ok 62 - 66: re: (?^u:'\Z'm). got: (?^u:'\Z'm)
ok 63 - 67: re: (?^u:'\z'm). got: (?^u:'\z'm)
ok 64 - 68: re: (?^u:'^'i). got: (?^u:'^'i)
ok 65 - 69: re: (?^u:'^(ab|cd)e'i). got: (?^u:'^(ab|cd)e'i)
ok 66 - 70: re: (?^u:'^(o)(?!.*\1)'i). got: (?^u:'^(o)(?!.*\1)'i)
ok 67 - 71: re: (?^u:'^.{9}abc.*\n'm). got: (?^u:'^.{9}abc.*\n'm)
ok 68 - 72: re: (?^u:'^\S\s+aa$'m). got: (?^u:'^\S\s+aa$'m)
ok 69 - 73: re: (?^u:'^a(bc+|b[eh])g|.h$'i). got: (?^u:'^a(bc+|b[eh])g|.h$'i)
ok 70 - 74: re: (?^u:'^abc$'i). got: (?^u:'^abc$'i)
ok 71 - 75: re: (?^u:'^abc'i). got: (?^u:'^abc'i)
ok 72 - 76: re: (?^u:'^d[x][x][x]'m). got: (?^u:'^d[x][x][x]'m)
ok 73 - 77: re: (?^u:'a$'m). got: (?^u:'a$'m)
ok 74 - 78: re: (?^u:'a([bc]*)(c*d)'i). got: (?^u:'a([bc]*)(c*d)'i)
ok 75 - 79: re: (?^u:'a([bc]*)(c+d)'i). got: (?^u:'a([bc]*)(c+d)'i)
ok 76 - 80: re: (?^u:'a([bc]*)c*'i). got: (?^u:'a([bc]*)c*'i)
ok 77 - 81: re: (?^u:'a([bc]+)(c*d)'i). got: (?^u:'a([bc]+)(c*d)'i)
ok 78 - 82: re: (?^u:'a(bc)d'i). got: (?^u:'a(bc)d'i)
ok 79 - 83: re: (?^u:'a*'i). got: (?^u:'a*'i)
Error: Nested quantifiers in regex; marked by <-- HERE in m/'a** <-- HERE 'i/ at xt/author/perl-5.21.11.t line 37, <DATA> line 1199.
ok 80 - 85: re: (?^u:'a+b+c'i). got: (?^u:'a+b+c'i)
ok 81 - 86: re: (?^u:'a.*?c'i). got: (?^u:'a.*?c'i)
ok 82 - 87: re: (?^u:'a.*c'i). got: (?^u:'a.*c'i)
ok 83 - 88: re: (?^u:'a.+?c'i). got: (?^u:'a.+?c'i)
ok 84 - 89: re: (?^u:'a.c'i). got: (?^u:'a.c'i)
ok 85 - 90: re: (?^u:'a.{0,5}?c'i). got: (?^u:'a.{0,5}?c'i)
Error: Unmatched [ in regex; marked by <-- HERE in m/'a[ <-- HERE 'i/ at xt/author/perl-5.21.11.t line 37, <DATA> line 1199.
ok 86 - 92: re: (?^u:'a[-]?c'i). got: (?^u:'a[-]?c'i)
ok 87 - 93: re: (?^u:'a[-b]'i). got: (?^u:'a[-b]'i)
ok 88 - 94: re: (?^u:'a[]]b'i). got: (?^u:'a[]]b'i)
Error: Unmatched [ in regex; marked by <-- HERE in m/'a[ <-- HERE ]b'i/ at xt/author/perl-5.21.11.t line 37, <DATA> line 1199.
ok 89 - 96: re: (?^u:'a[^-b]c'i). got: (?^u:'a[^-b]c'i)
ok 90 - 97: re: (?^u:'a[^]b]c'i). got: (?^u:'a[^]b]c'i)
ok 91 - 98: re: (?^u:'a[^bc]d'i). got: (?^u:'a[^bc]d'i)
ok 92 - 99: re: (?^u:'a[b-]'i). got: (?^u:'a[b-]'i)
Error: Invalid [] range "b-a" in regex; marked by <-- HERE in m/'a[b-a <-- HERE ]'i/ at xt/author/perl-5.21.11.t line 37, <DATA> line 1199.
ok 93 - 101: re: (?^u:'a[b-d]'i). got: (?^u:'a[b-d]'i)
ok 94 - 102: re: (?^u:'a[b-d]e'i). got: (?^u:'a[b-d]e'i)
ok 95 - 103: re: (?^u:'a[bc]d'i). got: (?^u:'a[bc]d'i)
ok 96 - 104: re: (?^u:'a[bcd]*dcdcde'i). got: (?^u:'a[bcd]*dcdcde'i)
ok 97 - 105: re: (?^u:'a[bcd]+dcdcde'i). got: (?^u:'a[bcd]+dcdcde'i)
ok 98 - 106: re: (?^u:'a\'i). got: (?^u:'a\'i)
Marpa warning. Parse ambiguous. Status: No parse. Terminals expected: [Lex-0], open_parenthesis, caret, close_parenthesis, open_bracket, slash, escaped_close_parenthesis, escaped_open_parenthesis, escaped_slash, character_set
Marpa warning. Parse ambiguous. Status: No parse. Terminals expected: [Lex-0], open_parenthesis, caret, close_parenthesis, open_bracket, slash, escaped_close_parenthesis, escaped_open_parenthesis, escaped_slash, character_set
ok 99 - 109: re: (?^u:'a\Nc'i). got: (?^u:'a\Nc'i)
ok 100 - 110: re: (?^u:'a\Z'm). got: (?^u:'a\Z'm)
ok 101 - 111: re: (?^u:'a\\b'i). got: (?^u:'a\\b'i)
ok 102 - 112: re: (?^u:'a\z'm). got: (?^u:'a\z'm)
ok 103 - 113: re: (?^u:'a]'i). got: (?^u:'a]'i)
ok 104 - 114: re: (?^u:'aa$'m). got: (?^u:'aa$'m)
ok 105 - 115: re: (?^u:'aa\Z'm). got: (?^u:'aa\Z'm)
ok 106 - 116: re: (?^u:'aa\z'm). got: (?^u:'aa\z'm)
ok 107 - 117: re: (?^u:'ab$'m). got: (?^u:'ab$'m)
ok 108 - 118: re: (?^u:'ab*'i). got: (?^u:'ab*'i)
ok 109 - 119: re: (?^u:'ab*?bc'i). got: (?^u:'ab*?bc'i)
ok 110 - 120: re: (?^u:'ab*bc'i). got: (?^u:'ab*bc'i)
ok 111 - 121: re: (?^u:'ab*c'i). got: (?^u:'ab*c'i)
ok 112 - 122: re: (?^u:'ab+?bc'i). got: (?^u:'ab+?bc'i)
ok 113 - 123: re: (?^u:'ab+bc'i). got: (?^u:'ab+bc'i)
ok 114 - 124: re: (?^u:'ab??bc'i). got: (?^u:'ab??bc'i)
ok 115 - 125: re: (?^u:'ab??c'i). got: (?^u:'ab??c'i)
ok 116 - 126: re: (?^u:'ab\Z'm). got: (?^u:'ab\Z'm)
ok 117 - 127: re: (?^u:'ab\z'm). got: (?^u:'ab\z'm)
ok 118 - 128: re: (?^u:'abb$'m). got: (?^u:'abb$'m)
ok 119 - 129: re: (?^u:'abb\Z'm). got: (?^u:'abb\Z'm)
ok 120 - 130: re: (?^u:'abb\z'm). got: (?^u:'abb\z'm)
ok 121 - 131: re: (?^u:'abc$'i). got: (?^u:'abc$'i)
ok 122 - 132: re: (?^u:'abc'i). got: (?^u:'abc'i)
Error: Unmatched ) in regex; marked by <-- HERE in m/'abc) <-- HERE 'i/ at xt/author/perl-5.21.11.t line 37, <DATA> line 1199.
ok 123 - 134: re: (?^u:'abcd'i). got: (?^u:'abcd'i)
ok 124 - 135: re: (?^u:'abcd*efg'i). got: (?^u:'abcd*efg'i)
ok 125 - 136: re: (?^u:'ab{0,1}?bc'i). got: (?^u:'ab{0,1}?bc'i)
ok 126 - 137: re: (?^u:'ab{0,1}?c'i). got: (?^u:'ab{0,1}?c'i)
ok 127 - 138: re: (?^u:'ab{0,}?bc'i). got: (?^u:'ab{0,}?bc'i)
ok 128 - 139: re: (?^u:'ab{1,3}?bc'i). got: (?^u:'ab{1,3}?bc'i)
ok 129 - 140: re: (?^u:'ab{1,}?bc'i). got: (?^u:'ab{1,}?bc'i)
ok 130 - 141: re: (?^u:'ab{1,}bc'i). got: (?^u:'ab{1,}bc'i)
ok 131 - 142: re: (?^u:'ab{3,4}?bc'i). got: (?^u:'ab{3,4}?bc'i)
ok 132 - 143: re: (?^u:'ab{4,5}?bc'i). got: (?^u:'ab{4,5}?bc'i)
ok 133 - 144: re: (?^u:'ab|cd'i). got: (?^u:'ab|cd'i)
ok 134 - 145: re: (?^u:'a{1,}b{1,}c'i). got: (?^u:'a{1,}b{1,}c'i)
ok 135 - 146: re: (?^u:'a|b|c|d|e'i). got: (?^u:'a|b|c|d|e'i)
ok 136 - 147: re: (?^u:'b\s^'m). got: (?^u:'b\s^'m)
ok 137 - 148: re: (?^u:'multiple words of text'i). got: (?^u:'multiple words of text'i)
ok 138 - 149: re: (?^u:'multiple words'i). got: (?^u:'multiple words'i)
ok 139 - 150: re: (?^u:((((((((((a))))))))))). got: (?^u:((((((((((a)))))))))))
ok 140 - 151: re: (?^u:((((((((((a))))))))))${bang}). got: (?^u:((((((((((a))))))))))${bang})
ok 141 - 152: re: (?^u:((((((((((a))))))))))\10). got: (?^u:((((((((((a))))))))))\10)
ok 142 - 153: re: (?^u:(((((((((a)))))))))). got: (?^u:(((((((((a))))))))))
ok 143 - 154: re: (?^u:(((ABCD|ABCE|ABCF)))(A|B|C[xy]*):). got: (?^u:(((ABCD|ABCE|ABCF)))(A|B|C[xy]*):)
ok 144 - 155: re: (?^u:(((aa){2})+)). got: (?^u:(((aa){2})+))
ok 145 - 156: re: (?^u:(((a{2}){2})+)). got: (?^u:(((a{2}){2})+))
ok 146 - 157: re: (?^u:((?2)*)([fF]o+)). got: (?^u:((?2)*)([fF]o+))
ok 147 - 158: re: (?^u:((?:aaaa|bbbb)cccc)?). got: (?^u:((?:aaaa|bbbb)cccc)?)
ok 148 - 159: re: (?^u:((?>[^()]+)|\([^()]*\))+). got: (?^u:((?>[^()]+)|\([^()]*\))+)
ok 149 - 160: re: (?^u:((?>a+)b)). got: (?^u:((?>a+)b))
Error: Eval-group not allowed at runtime, use re 'eval' in regex m/((??{ "(?:|)" }))\s/ at xt/author/perl-5.21.11.t line 37, <DATA> line 1199.
ok 150 - 162: re: (?^u:((?a)[[:^alnum:]]+)). got: (?^u:((?a)[[:^alnum:]]+))
ok 151 - 163: re: (?^u:((?a)[[:^print:]]+)). got: (?^u:((?a)[[:^print:]]+))
ok 152 - 164: re: (?^u:((?a)[[:^word:]]+)). got: (?^u:((?a)[[:^word:]]+))
ok 153 - 165: re: (?^u:((?i)a)b). got: (?^u:((?i)a)b)
ok 154 - 166: re: (?^u:((?i:a))b). got: (?^u:((?i:a))b)
ok 155 - 167: re: (?^u:((?m)^b$)). got: (?^u:((?m)^b$))
ok 156 - 168: re: (?^u:((?m)^b)). got: (?^u:((?m)^b))
ok 157 - 169: re: (?^u:((?s).)c(?!.)). got: (?^u:((?s).)c(?!.))
ok 158 - 170: re: (?^u:((?s)^a(.))((?m)^b$)). got: (?^u:((?s)^a(.))((?m)^b$))
ok 159 - 171: re: (?^u:((?s)b.)c(?!.)). got: (?^u:((?s)b.)c(?!.))
ok 160 - 172: re: (?^u:((?s)b.)c(?!\N)). got: (?^u:((?s)b.)c(?!\N))
ok 161 - 173: re: (?^u:((A(*PRUNE)B|A(*PRUNE)C))). got: (?^u:((A(*PRUNE)B|A(*PRUNE)C)))
ok 162 - 174: re: (?^u:((A(*PRUNE)B|A(*PRUNE)C|A(*PRUNE)D))). got: (?^u:((A(*PRUNE)B|A(*PRUNE)C|A(*PRUNE)D)))
ok 163 - 175: re: (?^u:((A(*PRUNE)B|A(*PRUNE)D|A(*PRUNE)C))). got: (?^u:((A(*PRUNE)B|A(*PRUNE)D|A(*PRUNE)C)))
ok 164 - 176: re: (?^u:(([a-c])b*?\2)*). got: (?^u:(([a-c])b*?\2)*)
ok 165 - 177: re: (?^u:(([a-c])b*?\2){3}). got: (?^u:(([a-c])b*?\2){3})
ok 166 - 178: re: (?^u:(([abc]+) \g-1)(([abc]+) \g{-1})). got: (?^u:(([abc]+) \g-1)(([abc]+) \g{-1}))
ok 167 - 179: re: (?^u:((\3|b)\2(a)){2,}). got: (?^u:((\3|b)\2(a)){2,})
ok 168 - 180: re: (?^u:((\3|b)\2(a)x)+). got: (?^u:((\3|b)\2(a)x)+)
ok 169 - 181: re: (?^u:((a)(b)c)(d)). got: (?^u:((a)(b)c)(d))
ok 170 - 182: re: (?^u:((a))). got: (?^u:((a)))
ok 171 - 183: re: (?^u:((a{4})+)). got: (?^u:((a{4})+))
Quantifier {n,m} with n > m can't match in regex; marked by <-- HERE in m/((def){37,17} <-- HERE )?ABC/ at xt/author/perl-5.21.11.t line 37, <DATA> line 1199.
ok 172 - 184: re: (?^u:((def){37,17})?ABC). got: (?^u:((def){37,17})?ABC)
ok 173 - 185: re: (?^u:((foo)|(bar))*). got: (?^u:((foo)|(bar))*)
ok 174 - 186: re: (?^u:()(?(1)b|a)). got: (?^u:()(?(1)b|a))
ok 175 - 187: re: (?^u:()?(?(1)a|b)). got: (?^u:()?(?(1)a|b))
ok 176 - 188: re: (?^u:()?(?(1)b|a)). got: (?^u:()?(?(1)b|a))
ok 177 - 189: re: (?^u:()\x{100}\x{1000}). got: (?^u:()\x{100}\x{1000})
ok 178 - 190: re: (?^u:()^b). got: (?^u:()^b)
ok 179 - 191: re: (?^u:()ef). got: (?^u:()ef)
Error: Unknown verb pattern '' in regex; marked by <-- HERE in m/(*) <-- HERE b/ at xt/author/perl-5.21.11.t line 37, <DATA> line 1199.
ok 180 - 193: re: (?^u:(.)(?|(.)(.)x|(.)d)(.)). got: (?^u:(.)(?|(.)(.)x|(.)d)(.))
ok 181 - 194: re: (?^u:(.)\2147483648). got: (?^u:(.)\2147483648)
ok 182 - 195: re: (?^u:(.)\2147483649). got: (?^u:(.)\2147483649)
ok 183 - 196: re: (?^u:(.)\2147483650). got: (?^u:(.)\2147483650)
'\429' resolved to '\o{42}9' in regex; marked by <-- HERE in m/(.)\429 <-- HERE 4967296/ at xt/author/perl-5.21.11.t line 37, <DATA> line 1199.
ok 184 - 197: re: (?^u:(.)\4294967296). got: (?^u:(.)\4294967296)
'\429' resolved to '\o{42}9' in regex; marked by <-- HERE in m/(.)\429 <-- HERE 4967297/ at xt/author/perl-5.21.11.t line 37, <DATA> line 1199.
ok 185 - 198: re: (?^u:(.)\4294967297). got: (?^u:(.)\4294967297)
'\429' resolved to '\o{42}9' in regex; marked by <-- HERE in m/(.)\429 <-- HERE 4967298/ at xt/author/perl-5.21.11.t line 37, <DATA> line 1199.
ok 186 - 199: re: (?^u:(.)\4294967298). got: (?^u:(.)\4294967298)
Error: Reference to nonexistent group in regex; marked by <-- HERE in m/(.)\g <-- HERE 2147483648}/ at xt/author/perl-5.21.11.t line 37, <DATA> line 1199.
Error: Reference to nonexistent group in regex; marked by <-- HERE in m/(.)\g <-- HERE 2147483649}/ at xt/author/perl-5.21.11.t line 37, <DATA> line 1199.
Error: Reference to nonexistent group in regex; marked by <-- HERE in m/(.)\g <-- HERE 2147483650}/ at xt/author/perl-5.21.11.t line 37, <DATA> line 1199.
Error: Reference to nonexistent group in regex; marked by <-- HERE in m/(.)\g <-- HERE 4294967296}/ at xt/author/perl-5.21.11.t line 37, <DATA> line 1199.
Error: Reference to nonexistent group in regex; marked by <-- HERE in m/(.)\g <-- HERE 4294967297}/ at xt/author/perl-5.21.11.t line 37, <DATA> line 1199.
Error: Reference to nonexistent group in regex; marked by <-- HERE in m/(.)\g <-- HERE 4294967298}/ at xt/author/perl-5.21.11.t line 37, <DATA> line 1199.
Error: Reference to nonexistent group in regex; marked by <-- HERE in m/(.)\g{ <-- HERE 2147483648}/ at xt/author/perl-5.21.11.t line 37, <DATA> line 1199.
Error: Reference to nonexistent group in regex; marked by <-- HERE in m/(.)\g{ <-- HERE 2147483649}/ at xt/author/perl-5.21.11.t line 37, <DATA> line 1199.
Error: Reference to nonexistent group in regex; marked by <-- HERE in m/(.)\g{ <-- HERE 2147483650}/ at xt/author/perl-5.21.11.t line 37, <DATA> line 1199.
Error: Reference to nonexistent group in regex; marked by <-- HERE in m/(.)\g{ <-- HERE 4294967296}/ at xt/author/perl-5.21.11.t line 37, <DATA> line 1199.
Error: Reference to nonexistent group in regex; marked by <-- HERE in m/(.)\g{ <-- HERE 4294967297}/ at xt/author/perl-5.21.11.t line 37, <DATA> line 1199.
Error: Reference to nonexistent group in regex; marked by <-- HERE in m/(.)\g{ <-- HERE 4294967298}/ at xt/author/perl-5.21.11.t line 37, <DATA> line 1199.
ok 187 - 212: re: (?^u:(.*)(?<=[bc])). got: (?^u:(.*)(?<=[bc]))
ok 188 - 213: re: (?^u:(.*)(?<=[bc])c). got: (?^u:(.*)(?<=[bc])c)
ok 189 - 214: re: (?^u:(.*)(?<=b)). got: (?^u:(.*)(?<=b))
ok 190 - 215: re: (?^u:(.*)(?<=b)c). got: (?^u:(.*)(?<=b)c)
ok 191 - 216: re: (?^u:(.*)(?<=b|c)). got: (?^u:(.*)(?<=b|c))
ok 192 - 217: re: (?^u:(.*)(?<=b|c)c). got: (?^u:(.*)(?<=b|c)c)
ok 193 - 218: re: (?^u:(.*)(?<=c|b)). got: (?^u:(.*)(?<=c|b))
ok 194 - 219: re: (?^u:(.*)(?<=c|b)c). got: (?^u:(.*)(?<=c|b)c)
ok 195 - 220: re: (?^u:(.*)(?=[bc])). got: (?^u:(.*)(?=[bc]))
ok 196 - 221: re: (?^u:(.*)(?=[bc])c). got: (?^u:(.*)(?=[bc])c)
ok 197 - 222: re: (?^u:(.*)(?=b|c)). got: (?^u:(.*)(?=b|c))
ok 198 - 223: re: (?^u:(.*)(?=b|c)c). got: (?^u:(.*)(?=b|c)c)
ok 199 - 224: re: (?^u:(.*)(?=c)). got: (?^u:(.*)(?=c))
ok 200 - 225: re: (?^u:(.*)(?=c)c). got: (?^u:(.*)(?=c)c)
ok 201 - 226: re: (?^u:(.*)(?=c|b)). got: (?^u:(.*)(?=c|b))
ok 202 - 227: re: (?^u:(.*)(?=c|b)c). got: (?^u:(.*)(?=c|b)c)
ok 203 - 228: re: (?^u:(.*)\d+\1). got: (?^u:(.*)\d+\1)
ok 204 - 229: re: (?^u:(.*)c). got: (?^u:(.*)c)
ok 205 - 230: re: (?^u:(.*)c(.*)). got: (?^u:(.*)c(.*))
ok 206 - 231: re: (?^u:(.*?)(?<=[bc])). got: (?^u:(.*?)(?<=[bc]))
ok 207 - 232: re: (?^u:(.*?)(?<=[bc])c). got: (?^u:(.*?)(?<=[bc])c)
ok 208 - 233: re: (?^u:(.*?)(?<=b)). got: (?^u:(.*?)(?<=b))
ok 209 - 234: re: (?^u:(.*?)(?<=b)c). got: (?^u:(.*?)(?<=b)c)
ok 210 - 235: re: (?^u:(.*?)(?<=b|c)). got: (?^u:(.*?)(?<=b|c))
ok 211 - 236: re: (?^u:(.*?)(?<=b|c)c). got: (?^u:(.*?)(?<=b|c)c)
ok 212 - 237: re: (?^u:(.*?)(?<=c|b)). got: (?^u:(.*?)(?<=c|b))
ok 213 - 238: re: (?^u:(.*?)(?<=c|b)c). got: (?^u:(.*?)(?<=c|b)c)
ok 214 - 239: re: (?^u:(.*?)(?=[bc])). got: (?^u:(.*?)(?=[bc]))
ok 215 - 240: re: (?^u:(.*?)(?=[bc])c). got: (?^u:(.*?)(?=[bc])c)
ok 216 - 241: re: (?^u:(.*?)(?=b|c)). got: (?^u:(.*?)(?=b|c))
ok 217 - 242: re: (?^u:(.*?)(?=b|c)c). got: (?^u:(.*?)(?=b|c)c)
ok 218 - 243: re: (?^u:(.*?)(?=c)). got: (?^u:(.*?)(?=c))
ok 219 - 244: re: (?^u:(.*?)(?=c)c). got: (?^u:(.*?)(?=c)c)
ok 220 - 245: re: (?^u:(.*?)(?=c|b)). got: (?^u:(.*?)(?=c|b))
ok 221 - 246: re: (?^u:(.*?)(?=c|b)c). got: (?^u:(.*?)(?=c|b)c)
ok 222 - 247: re: (?^u:(.*?)c). got: (?^u:(.*?)c)
ok 223 - 248: re: (?^u:(<(?:[^<>]+|(?R))*>)). got: (?^u:(<(?:[^<>]+|(?R))*>))
ok 224 - 249: re: (?^u:(>a+)ab). got: (?^u:(>a+)ab)
(?!)+ matches null string many times in regex; marked by <-- HERE in m/(?!)+ <-- HERE ?|(.{2,4})/ at xt/author/perl-5.21.11.t line 37, <DATA> line 1199.
ok 225 - 250: re: (?^u:(?!)+?|(.{2,4})). got: (?^u:(?!)+?|(.{2,4}))
ok 226 - 251: re: (?^u:(?(1)a|b)). got: (?^u:(?(1)a|b))
Error: Switch (?(condition)... contains too many branches in regex; marked by <-- HERE in m/(?(1)a|b| <-- HERE c)/ at xt/author/perl-5.21.11.t line 37, <DATA> line 1199.
ok 227 - 253: re: (?^u:(?(1)b|a)). got: (?^u:(?(1)b|a))
Error: Switch condition not recognized in regex; marked by <-- HERE in m/(?(1? <-- HERE )a|b)/ at xt/author/perl-5.21.11.t line 37, <DATA> line 1199.
ok 228 - 255: re: (?^u:(?(?!\x{100})\x{100}|b)). got: (?^u:(?(?!\x{100})\x{100}|b))
ok 229 - 256: re: (?^u:(?(?!\x{100})b|\x{100})). got: (?^u:(?(?!\x{100})b|\x{100}))
ok 230 - 257: re: (?^u:(?(?!a)a|b)). got: (?^u:(?(?!a)a|b))
ok 231 - 258: re: (?^u:(?(?!a)b|a)). got: (?^u:(?(?!a)b|a))
ok 232 - 259: re: (?^u:(?(?=\x{100})\x{100}|b)). got: (?^u:(?(?=\x{100})\x{100}|b))
ok 233 - 260: re: (?^u:(?(?=\x{100})b|\x{100})). got: (?^u:(?(?=\x{100})b|\x{100}))
ok 234 - 261: re: (?^u:(?(?=a)a|b)). got: (?^u:(?(?=a)a|b))
ok 235 - 262: re: (?^u:(?(?=a)b|a)). got: (?^u:(?(?=a)b|a))
Error: Eval-group not allowed at runtime, use re 'eval' in regex m/(?(?{0})a|b)/ at xt/author/perl-5.21.11.t line 37, <DATA> line 1199.
Error: Eval-group not allowed at runtime, use re 'eval' in regex m/(?(?{0})b|a)/ at xt/author/perl-5.21.11.t line 37, <DATA> line 1199.
Error: Eval-group not allowed at runtime, use re 'eval' in regex m/(?(?{1})a|b)/ at xt/author/perl-5.21.11.t line 37, <DATA> line 1199.
Error: Eval-group not allowed at runtime, use re 'eval' in regex m/(?(?{1})b|a)/ at xt/author/perl-5.21.11.t line 37, <DATA> line 1199.
ok 236 - 267: re: (?^u:(?(DEFINE)(?<A>(?&B)+)(?<B>a))(?&A)). got: (?^u:(?(DEFINE)(?<A>(?&B)+)(?<B>a))(?&A))
ok 237 - 268: re: (?^u:(?1)(?(DEFINE)(blah))). got: (?^u:(?1)(?(DEFINE)(blah)))
ok 238 - 269: re: (?^u:(?1)(?:(b)){0}). got: (?^u:(?1)(?:(b)){0})
ok 239 - 270: re: (?^u:(?:(?:)foo|bar|zot|rt78356)). got: (?^u:(?:(?:)foo|bar|zot|rt78356))
ok 240 - 271: re: (?^u:(?:(?i)a)b). got: (?^u:(?:(?i)a)b)
ok 241 - 272: re: (?^u:(?:(a(*SKIP)b)){0}(?:(?1)|ac)). got: (?^u:(?:(a(*SKIP)b)){0}(?:(?1)|ac))
ok 242 - 273: re: (?^u:(?:(b)?a)\1). got: (?^u:(?:(b)?a)\1)
ok 243 - 274: re: (?^u:(?:(f)(o)(o)|(b)(a)(r))*). got: (?^u:(?:(f)(o)(o)|(b)(a)(r))*)
ok 244 - 275: re: (?^u:(?:..)*?a). got: (?^u:(?:..)*?a)
ok 245 - 276: re: (?^u:(?:..)*a). got: (?^u:(?:..)*a)
ok 246 - 277: re: (?^u:(?:aA)*+(?:aA)). got: (?^u:(?:aA)*+(?:aA))
ok 247 - 278: re: (?^u:(?:aA)*+b). got: (?^u:(?:aA)*+b)
ok 248 - 279: re: (?^u:(?:aA)++(?:aA)). got: (?^u:(?:aA)++(?:aA))
ok 249 - 280: re: (?^u:(?:aA)++b). got: (?^u:(?:aA)++b)
ok 250 - 281: re: (?^u:(?:aA)?+(?:aA)). got: (?^u:(?:aA)?+(?:aA))
ok 251 - 282: re: (?^u:(?:aA)?+b). got: (?^u:(?:aA)?+b)
ok 252 - 283: re: (?^u:(?:aA){1,5}+(?:aA)). got: (?^u:(?:aA){1,5}+(?:aA))
ok 253 - 284: re: (?^u:(?:aA){1,5}+b). got: (?^u:(?:aA){1,5}+b)
ok 254 - 285: re: (?^u:(?:aA|bB)*+(?:aA|bB)). got: (?^u:(?:aA|bB)*+(?:aA|bB))
ok 255 - 286: re: (?^u:(?:aA|bB)*+b). got: (?^u:(?:aA|bB)*+b)
ok 256 - 287: re: (?^u:(?:aA|bB)++(?:aA|bB)). got: (?^u:(?:aA|bB)++(?:aA|bB))
ok 257 - 288: re: (?^u:(?:aA|bB)++b). got: (?^u:(?:aA|bB)++b)
ok 258 - 289: re: (?^u:(?:aA|bB)?+(?:aA|bB)). got: (?^u:(?:aA|bB)?+(?:aA|bB))
ok 259 - 290: re: (?^u:(?:aA|bB)?+b). got: (?^u:(?:aA|bB)?+b)
ok 260 - 291: re: (?^u:(?:aA|bB){1,5}+(?:aA|bB)). got: (?^u:(?:aA|bB){1,5}+(?:aA|bB))
ok 261 - 292: re: (?^u:(?:aA|bB){1,5}+b). got: (?^u:(?:aA|bB){1,5}+b)
ok 262 - 293: re: (?^u:(?:c|d)(?:)(?:a(?:)(?:b)(?:b(?:))(?:b(?:)(?:b)))). got: (?^u:(?:c|d)(?:)(?:a(?:)(?:b)(?:b(?:))(?:b(?:)(?:b))))
ok 263 - 294: re: (?^u:(?:c|d)(?:)(?:aaaaaaaa(?:)(?:bbbbbbbb)(?:bbbbbbbb(?:))(?:bbbbbbbb(?:)(?:bbbbbbbb)))). got: (?^u:(?:c|d)(?:)(?:aaaaaaaa(?:)(?:bbbbbbbb)(?:bbbbbbbb(?:))(?:bbbbbbbb(?:)(?:bbbbbbbb))))
ok 264 - 295: re: (?^u:(?:r?)*?r|(.{2,4})). got: (?^u:(?:r?)*?r|(.{2,4}))
ok 265 - 296: re: (?^u:(?<!(c|d))[ab]). got: (?^u:(?<!(c|d))[ab])
ok 266 - 297: re: (?^u:(?<!(c|d))b). got: (?^u:(?<!(c|d))b)
ok 267 - 298: re: (?^u:(?<![cd])[ab]). got: (?^u:(?<![cd])[ab])
ok 268 - 299: re: (?^u:(?<![cd])b). got: (?^u:(?<![cd])b)
ok 269 - 300: re: (?^u:(?<!bar>)foo). got: (?^u:(?<!bar>)foo)
ok 270 - 301: re: (?^u:(?<!bar>ABC)foo). got: (?^u:(?<!bar>ABC)foo)
ok 271 - 302: re: (?^u:(?<!c)b). got: (?^u:(?<!c)b)
ok 272 - 303: re: (?^u:(?<!cd)[ab]). got: (?^u:(?<!cd)[ab])
Error: Group name must start with a non-digit word character in regex; marked by <-- HERE in m/(?<% <-- HERE )b/ at xt/author/perl-5.21.11.t line 37, <DATA> line 1199.
ok 273 - 305: re: (?^u:(?<=a)b). got: (?^u:(?<=a)b)
ok 274 - 306: re: (?^u:(?<=abcd(?<=(aaaabcd)))). got: (?^u:(?<=abcd(?<=(aaaabcd))))
ok 275 - 307: re: (?^u:(?<=bar>)foo). got: (?^u:(?<=bar>)foo)
ok 276 - 308: re: (?^u:(?<=bar>ABC)foo). got: (?^u:(?<=bar>ABC)foo)
ok 277 - 309: re: (?^u:(?<=foo)). got: (?^u:(?<=foo))
ok 278 - 310: re: (?^u:(?<=foo)Y). got: (?^u:(?<=foo)Y)
Error: Variable length lookbehind not implemented in regex m/(?<=x+)y/ at xt/author/perl-5.21.11.t line 37, <DATA> line 1199.
ok 279 - 312: re: (?^u:(?<A>foo(?(R)bar))?(?1)). got: (?^u:(?<A>foo(?(R)bar))?(?1))
ok 280 - 313: re: (?^u:(?<A>foo)?(?(1)bar|nada)). got: (?^u:(?<A>foo)?(?(1)bar|nada))
ok 281 - 314: re: (?^u:(?<A>foo)?(?(<A>)bar|nada)). got: (?^u:(?<A>foo)?(?(<A>)bar|nada))
ok 282 - 315: re: (?^u:(?<bar>)(?|(?<foo>x))). got: (?^u:(?<bar>)(?|(?<foo>x)))
ok 283 - 316: re: (?^u:(?<bar>)foo). got: (?^u:(?<bar>)foo)
ok 284 - 317: re: (?^u:(?<bar>ABC)foo). got: (?^u:(?<bar>ABC)foo)
Error: Eval-group not allowed at runtime, use re 'eval' in regex m/(?<n>foo)(??{ $+{n} })/ at xt/author/perl-5.21.11.t line 37, <DATA> line 1199.
ok 285 - 319: re: (?^u:(?<n>foo)|(?<n>bar)|(?<n>baz)). got: (?^u:(?<n>foo)|(?<n>bar)|(?<n>baz))
ok 286 - 320: re: (?^u:(?<n>foo|bar|baz)). got: (?^u:(?<n>foo|bar|baz))
ok 287 - 321: re: (?^u:(?<n>foo|bar|baz)(?<m>[ew]+)). got: (?^u:(?<n>foo|bar|baz)(?<m>[ew]+))
ok 288 - 322: re: (?^u:(?=(a+?))(\1ab)). got: (?^u:(?=(a+?))(\1ab))
ok 289 - 323: re: (?^u:(?=)a). got: (?^u:(?=)a)
ok 290 - 324: re: (?^u:(?=.*P)P). got: (?^u:(?=.*P)P)
ok 291 - 325: re: (?^u:(?=XY*foo)). got: (?^u:(?=XY*foo))
ok 292 - 326: re: (?^u:(?=foo)). got: (?^u:(?=foo))
ok 293 - 327: re: (?^u:(?=xy(?<=(aaxy)))). got: (?^u:(?=xy(?<=(aaxy))))
ok 294 - 328: re: (?^u:(?>(a+))b). got: (?^u:(?>(a+))b)
ok 295 - 329: re: (?^u:(?>a+)b). got: (?^u:(?>a+)b)
Error: Eval-group not allowed at runtime, use re 'eval' in regex m/(??{})/ at xt/author/perl-5.21.11.t line 37, <DATA> line 1199.
Error: Group name must start with a non-digit word character in regex; marked by <-- HERE in m/(?P<! <-- HERE n>foo|bar|baz)/ at xt/author/perl-5.21.11.t line 37, <DATA> line 1199.
Error: Group name must start with a non-digit word character in regex; marked by <-- HERE in m/(?P<= <-- HERE n>foo|bar|baz)/ at xt/author/perl-5.21.11.t line 37, <DATA> line 1199.
Error: Eval-group not allowed at runtime, use re 'eval' in regex m/(?P<n>foo)(??{ $+{n} })/ at xt/author/perl-5.21.11.t line 37, <DATA> line 1199.
ok 296 - 334: re: (?^u:(?P<n>foo)|(?P<n>bar)|(?P<n>baz)). got: (?^u:(?P<n>foo)|(?P<n>bar)|(?P<n>baz))
ok 297 - 335: re: (?^u:(?P<n>foo|bar|baz)). got: (?^u:(?P<n>foo|bar|baz))
ok 298 - 336: re: (?^u:(?P<n>foo|bar|baz)(?P<m>[ew]+)). got: (?^u:(?P<n>foo|bar|baz)(?P<m>[ew]+))
Error: Sequence (?PX<...) not recognized in regex; marked by <-- HERE in m/(?PX< <-- HERE n>foo|bar|baz)/ at xt/author/perl-5.21.11.t line 37, <DATA> line 1199.
ok 299 - 338: re: (?^u:(?a:((?u)\w)\W)). got: (?^u:(?a:((?u)\w)\W))
ok 300 - 339: re: (?^u:(?a:\p{Any})). got: (?^u:(?a:\p{Any}))
ok 301 - 340: re: (?^u:(?aa:\p{Any})). got: (?^u:(?aa:\p{Any}))
ok 302 - 341: re: (?^u:(?i)). got: (?^u:(?i))
ok 303 - 342: re: (?^u:(?i:.[b].)). got: (?^u:(?i:.[b].))
ok 304 - 343: re: (?^u:(?i:\N[b]\N)). got: (?^u:(?i:\N[b]\N))
ok 305 - 344: re: (?^u:(?i:a)b). got: (?^u:(?i:a)b)
ok 306 - 345: re: (?^u:(?m)^(b)). got: (?^u:(?m)^(b))
ok 307 - 346: re: (?^u:(?m)^b). got: (?^u:(?m)^b)
ok 308 - 347: re: (?^u:(?m:(foo\s*$))). got: (?^u:(?m:(foo\s*$)))
Error: Eval-group not allowed at runtime, use re 'eval' in regex m/(?{$a=2})(a(?{local$a=$a+1}))*aak*c(?{$b=$a})/ at xt/author/perl-5.21.11.t line 37, <DATA> line 1199.
Error: Eval-group not allowed at runtime, use re 'eval' in regex m/(?{$a=2})a*aa(?{local$a=$a+1})k*c(?{$b=$a})/ at xt/author/perl-5.21.11.t line 37, <DATA> line 1199.
Error: Eval-group not allowed at runtime, use re 'eval' in regex m/(?{(^{})/ at xt/author/perl-5.21.11.t line 37, <DATA> line 1199.
Error: Eval-group not allowed at runtime, use re 'eval' in regex m/(?{})[\x{100}]/ at xt/author/perl-5.21.11.t line 37, <DATA> line 1199.
ok 309 - 352: re: (?^u:(?|(?<bar>y)|(?<foo>x))). got: (?^u:(?|(?<bar>y)|(?<foo>x)))
ok 310 - 353: re: (?^u:(?|(?<foo>x))). got: (?^u:(?|(?<foo>x)))
ok 311 - 354: re: (?^u:(?|(?<foo>x)|(?<bar>y))). got: (?^u:(?|(?<foo>x)|(?<bar>y)))
ok 312 - 355: re: (?^u:(?|(?|(a)|(b))|(?|(c)|(d)))). got: (?^u:(?|(?|(a)|(b))|(?|(c)|(d))))
ok 313 - 356: re: (?^u:(?|(a))). got: (?^u:(?|(a)))
ok 314 - 357: re: (?^u:(?|(b)|()()()()()()()()()()()()()()()()()()()()()()()()()()()()()()()()()()()()()()()()()()()()()()()()()()()()()()()()()()()()()()()()()()()()()()()()()()()()()()()()()()()()()()()()()()()()()()()()()()()()()()()()()()()()()()()()()()()()()()()()()()()()()()()()()()()()()()()()()()()()()()()()()()()()()()()()()()()()()()()()()()()()()()()()()()()()()()()()()()()()(a))). got: (?^u:(?|(b)|()()()()()()()()()()()()()()()()()()()()()()()()()()()()()()()()()()()()()()()()()()()()()()()()()()()()()()()()()()()()()()()()()()()()()()()()()()()()()()()()()()()()()()()()()()()()()()()()()()()()()()()()()()()()()()()()()()()()()()()()()()()()()()()()()()()()()()()()()()()()()()()()()()()()()()()()()()()()()()()()()()()()()()()()()()()()()()()()()()()()(a)))
ok 315 - 358: re: (?^u:(?|a(.)b|d(.(o).)d|i(.)(.)j)(.)). got: (?^u:(?|a(.)b|d(.(o).)d|i(.)(.)j)(.))
ok 316 - 359: re: (?^u:(A(*PRUNE)B|A(*PRUNE)C)). got: (?^u:(A(*PRUNE)B|A(*PRUNE)C))
ok 317 - 360: re: (?^u:(A(*PRUNE)B|A(*PRUNE)C|A(*PRUNE)D)). got: (?^u:(A(*PRUNE)B|A(*PRUNE)C|A(*PRUNE)D))
ok 318 - 361: re: (?^u:(A(*PRUNE)B|A(*PRUNE)D|A(*PRUNE)C)). got: (?^u:(A(*PRUNE)B|A(*PRUNE)D|A(*PRUNE)C))
ok 319 - 362: re: (?^u:(A(A|B(*ACCEPT)|C)D)(E)). got: (?^u:(A(A|B(*ACCEPT)|C)D)(E))
ok 320 - 363: re: (?^u:(A|B)*(?(1)(CD)|(CD))). got: (?^u:(A|B)*(?(1)(CD)|(CD)))
ok 321 - 364: re: (?^u:(A|B)*?(?(1)(CD)|(CD))). got: (?^u:(A|B)*?(?(1)(CD)|(CD)))
ok 322 - 365: re: (?^u:(WORDS|WORD)S). got: (?^u:(WORDS|WORD)S)
ok 323 - 366: re: (?^u:(WORDS|WORLD|WORD)+S). got: (?^u:(WORDS|WORLD|WORD)+S)
ok 324 - 367: re: (?^u:(WORDS|WORLD|WORD)S). got: (?^u:(WORDS|WORLD|WORD)S)
ok 325 - 368: re: (?^u:(X.|WORDS|WORD|Y.)S). got: (?^u:(X.|WORDS|WORD|Y.)S)
ok 326 - 369: re: (?^u:(X.|WORDS|X.|WORD)S). got: (?^u:(X.|WORDS|X.|WORD)S)
ok 327 - 370: re: (?^u:([[.]+)). got: (?^u:([[.]+))
ok 328 - 371: re: (?^u:([[:]+)). got: (?^u:([[:]+))
ok 329 - 372: re: (?^u:([[:^alpha:]]+)). got: (?^u:([[:^alpha:]]+))
ok 330 - 373: re: (?^u:([[:^ascii:]]+)). got: (?^u:([[:^ascii:]]+))
ok 331 - 374: re: (?^u:([[:^cntrl:]]+)). got: (?^u:([[:^cntrl:]]+))
ok 332 - 375: re: (?^u:([[:^digit:]]+)). got: (?^u:([[:^digit:]]+))
ok 333 - 376: re: (?^u:([[:^lower:]]+)). got: (?^u:([[:^lower:]]+))
ok 334 - 377: re: (?^u:([[:^punct:]]+)). got: (?^u:([[:^punct:]]+))
ok 335 - 378: re: (?^u:([[:^space:]]+)). got: (?^u:([[:^space:]]+))
ok 336 - 379: re: (?^u:([[:^upper:]]+)). got: (?^u:([[:^upper:]]+))
ok 337 - 380: re: (?^u:([[:^xdigit:]]+)). got: (?^u:([[:^xdigit:]]+))
ok 338 - 381: re: (?^u:([[:alnum:]]+)). got: (?^u:([[:alnum:]]+))
ok 339 - 382: re: (?^u:([[:alpha:]]+)). got: (?^u:([[:alpha:]]+))
ok 340 - 383: re: (?^u:([[:ascii:]]+)). got: (?^u:([[:ascii:]]+))
ok 341 - 384: re: (?^u:([[:cntrl:]]+)). got: (?^u:([[:cntrl:]]+))
False [] range "[:digit:]-" in regex; marked by <-- HERE in m/([[:digit:]- <-- HERE [:alpha:]]+)/ at xt/author/perl-5.21.11.t line 37, <DATA> line 1199.
ok 342 - 385: re: (?^u:([[:digit:]-[:alpha:]]+)). got: (?^u:([[:digit:]-[:alpha:]]+))
False [] range "[:digit:]-" in regex; marked by <-- HERE in m/([[:digit:]- <-- HERE z]+)/ at xt/author/perl-5.21.11.t line 37, <DATA> line 1199.
ok 343 - 386: re: (?^u:([[:digit:]-z]+)). got: (?^u:([[:digit:]-z]+))
ok 344 - 387: re: (?^u:([[:digit:]]+)). got: (?^u:([[:digit:]]+))
ok 345 - 388: re: (?^u:([[:graph:]]+)). got: (?^u:([[:graph:]]+))
ok 346 - 389: re: (?^u:([[:lower:]]+)). got: (?^u:([[:lower:]]+))
ok 347 - 390: re: (?^u:([[:print:]]+)). got: (?^u:([[:print:]]+))
ok 348 - 391: re: (?^u:([[:punct:]]+)). got: (?^u:([[:punct:]]+))
ok 349 - 392: re: (?^u:([[:space:]]+)). got: (?^u:([[:space:]]+))
ok 350 - 393: re: (?^u:([[:upper:]]+)). got: (?^u:([[:upper:]]+))
ok 351 - 394: re: (?^u:([[:word:]]+)). got: (?^u:([[:word:]]+))
ok 352 - 395: re: (?^u:([[:xdigit:]]+)). got: (?^u:([[:xdigit:]]+))
ok 353 - 396: re: (?^u:([[=]+)). got: (?^u:([[=]+))
False [] range "\d-" in regex; marked by <-- HERE in m/([\d- <-- HERE \s]+)/ at xt/author/perl-5.21.11.t line 37, <DATA> line 1199.
ok 354 - 397: re: (?^u:([\d-\s]+)). got: (?^u:([\d-\s]+))
False [] range "\d-" in regex; marked by <-- HERE in m/([\d- <-- HERE z]+)/ at xt/author/perl-5.21.11.t line 37, <DATA> line 1199.
ok 355 - 398: re: (?^u:([\d-z]+)). got: (?^u:([\d-z]+))
ok 356 - 399: re: (?^u:([\w:]+::)?(\w+)$). got: (?^u:([\w:]+::)?(\w+)$)
ok 357 - 400: re: (?^u:([^()]++|\([^()]*\))+). got: (?^u:([^()]++|\([^()]*\))+)
False [] range "a-[:digit:]" in regex; marked by <-- HERE in m/([a-[:digit:] <-- HERE ]+)/ at xt/author/perl-5.21.11.t line 37, <DATA> line 1199.
ok 358 - 401: re: (?^u:([a-[:digit:]]+)). got: (?^u:([a-[:digit:]]+))
False [] range "a-\d" in regex; marked by <-- HERE in m/([a-\d <-- HERE ]+)/ at xt/author/perl-5.21.11.t line 37, <DATA> line 1199.
ok 359 - 402: re: (?^u:([a-\d]+)). got: (?^u:([a-\d]+))
ok 360 - 403: re: (?^u:([a-c]*)\1). got: (?^u:([a-c]*)\1)
Error: POSIX class [:xyz:] unknown in regex; marked by <-- HERE in m/([a[:xyz:] <-- HERE b]+)/ at xt/author/perl-5.21.11.t line 37, <DATA> line 1199.
ok 361 - 405: re: (?^u:([abc])*bcd). got: (?^u:([abc])*bcd)
ok 362 - 406: re: (?^u:([abc])*d). got: (?^u:([abc])*d)
ok 363 - 407: re: (?^u:([yX].|WORDS|WORD|[xY].)+S). got: (?^u:([yX].|WORDS|WORD|[xY].)+S)
ok 364 - 408: re: (?^u:([yX].|WORDS|WORD|[xY].)S). got: (?^u:([yX].|WORDS|WORD|[xY].)S)
ok 365 - 409: re: (?^u:([yX].|WORDS|[yX].|WORD)+S). got: (?^u:([yX].|WORDS|[yX].|WORD)+S)
ok 366 - 410: re: (?^u:([yX].|WORDS|[yX].|WORD)S). got: (?^u:([yX].|WORDS|[yX].|WORD)S)
ok 367 - 411: re: (?^u:([zx].|foo|fool|[qx].|money|parted|[py].)$). got: (?^u:([zx].|foo|fool|[qx].|money|parted|[py].)$)
ok 368 - 412: re: (?^u:([zx].|foo|fool|[qx].|money|parted|[py].)+$). got: (?^u:([zx].|foo|fool|[qx].|money|parted|[py].)+$)
ok 369 - 413: re: (?^u:([zx].|foo|fool|[zq].|money|parted|[yx].)$). got: (?^u:([zx].|foo|fool|[zq].|money|parted|[yx].)$)
ok 370 - 414: re: (?^u:([zx].|foo|fool|[zq].|money|parted|[yx].)+$). got: (?^u:([zx].|foo|fool|[zq].|money|parted|[yx].)+$)
ok 371 - 415: re: (?^u:(\H)(\h)). got: (?^u:(\H)(\h))
ok 372 - 416: re: (?^u:(\H+)(\h)). got: (?^u:(\H+)(\h))
ok 373 - 417: re: (?^u:(\N)(?|(\N)(\N)x|(\N)d)(\N)). got: (?^u:(\N)(?|(\N)(\N)x|(\N)d)(\N))
ok 374 - 418: re: (?^u:(\R)(\V)). got: (?^u:(\R)(\V))
ok 375 - 419: re: (?^u:(\R+)(\V)). got: (?^u:(\R+)(\V))
ok 376 - 420: re: (?^u:(\V)(\R)). got: (?^u:(\V)(\R))
ok 377 - 421: re: (?^u:(\V)(\v)). got: (?^u:(\V)(\v))
ok 378 - 422: re: (?^u:(\V+)(\R)). got: (?^u:(\V+)(\R))
ok 379 - 423: re: (?^u:(\V+)(\v)). got: (?^u:(\V+)(\v))
ok 380 - 424: re: (?^u:(\ba.{0,10}br)). got: (?^u:(\ba.{0,10}br))
ok 381 - 425: re: (?^u:(\d+\.\d+)). got: (?^u:(\d+\.\d+))
ok 382 - 426: re: (?^u:(\h)(\H)). got: (?^u:(\h)(\H))
ok 383 - 427: re: (?^u:(\h+)(\H)). got: (?^u:(\h+)(\H))
ok 384 - 428: re: (?^u:(\v)(\V)). got: (?^u:(\v)(\V))
ok 385 - 429: re: (?^u:(\v+)(\V)). got: (?^u:(\v+)(\V))
ok 386 - 430: re: (?^u:(\w)?(abc)\1b). got: (?^u:(\w)?(abc)\1b)
ok 387 - 431: re: (?^u:(\w+:)+). got: (?^u:(\w+:)+)
ok 388 - 432: re: (?^u:(\x{100})). got: (?^u:(\x{100}))
ok 389 - 433: re: (?^u:(^|a)b). got: (?^u:(^|a)b)
ok 390 - 434: re: (?^u:(^|x)(c)). got: (?^u:(^|x)(c))
ok 391 - 435: re: (?^u:(a)(?:(?-1)|(?+1))(b)). got: (?^u:(a)(?:(?-1)|(?+1))(b))
ok 392 - 436: re: (?^u:(a)(b)(c)\g1\g2\g3). got: (?^u:(a)(b)(c)\g1\g2\g3)
ok 393 - 437: re: (?^u:(a)*ab). got: (?^u:(a)*ab)
ok 394 - 438: re: (?^u:(a)?(a)+). got: (?^u:(a)?(a)+)
ok 395 - 439: re: (?^u:(a)b(c)). got: (?^u:(a)b(c))
ok 396 - 440: re: (?^u:(a)|(b)). got: (?^u:(a)|(b))
ok 397 - 441: re: (?^u:(a)|\1). got: (?^u:(a)|\1)
Error: Reference to nonexistent group in regex; marked by <-- HERE in m/(a)|\2 <-- HERE / at xt/author/perl-5.21.11.t line 37, <DATA> line 1199.
ok 398 - 443: re: (?^u:(a*)b+). got: (?^u:(a*)b+)
ok 399 - 444: re: (?^u:(a+|b)*). got: (?^u:(a+|b)*)
ok 400 - 445: re: (?^u:(a+|b)+). got: (?^u:(a+|b)+)
ok 401 - 446: re: (?^u:(a+|b)?). got: (?^u:(a+|b)?)
ok 402 - 447: re: (?^u:(a+|b){0,1}). got: (?^u:(a+|b){0,1})
ok 403 - 448: re: (?^u:(a+|b){0,}). got: (?^u:(a+|b){0,})
ok 404 - 449: re: (?^u:(a+|b){1,}). got: (?^u:(a+|b){1,})
ok 405 - 450: re: (?^u:(aA)*+(aA)). got: (?^u:(aA)*+(aA))
ok 406 - 451: re: (?^u:(aA)*+b). got: (?^u:(aA)*+b)
ok 407 - 452: re: (?^u:(aA)++(aA)). got: (?^u:(aA)++(aA))
ok 408 - 453: re: (?^u:(aA)++b). got: (?^u:(aA)++b)
ok 409 - 454: re: (?^u:(aA)?+(aA)). got: (?^u:(aA)?+(aA))
ok 410 - 455: re: (?^u:(aA)?+b). got: (?^u:(aA)?+b)
ok 411 - 456: re: (?^u:(aA){1,5}+(aA)). got: (?^u:(aA){1,5}+(aA))
ok 412 - 457: re: (?^u:(aA){1,5}+b). got: (?^u:(aA){1,5}+b)
ok 413 - 458: re: (?^u:(aA|bB)*+(aA|bB)). got: (?^u:(aA|bB)*+(aA|bB))
ok 414 - 459: re: (?^u:(aA|bB)*+b). got: (?^u:(aA|bB)*+b)
ok 415 - 460: re: (?^u:(aA|bB)++(aA|bB)). got: (?^u:(aA|bB)++(aA|bB))
ok 416 - 461: re: (?^u:(aA|bB)++b). got: (?^u:(aA|bB)++b)
ok 417 - 462: re: (?^u:(aA|bB)?+(aA|bB)). got: (?^u:(aA|bB)?+(aA|bB))
ok 418 - 463: re: (?^u:(aA|bB)?+b). got: (?^u:(aA|bB)?+b)
ok 419 - 464: re: (?^u:(aA|bB){1,5}+(aA|bB)). got: (?^u:(aA|bB){1,5}+(aA|bB))
ok 420 - 465: re: (?^u:(aA|bB){1,5}+b). got: (?^u:(aA|bB){1,5}+b)
ok 421 - 466: re: (?^u:(ab)?(ab)+). got: (?^u:(ab)?(ab)+)
Error: Unmatched ( in regex; marked by <-- HERE in m/( <-- HERE abc/ at xt/author/perl-5.21.11.t line 37, <DATA> line 1199.
ok 422 - 468: re: (?^u:(abc)?(abc)+). got: (?^u:(abc)?(abc)+)
ok 423 - 469: re: (?^u:(abc)\1). got: (?^u:(abc)\1)
ok 424 - 470: re: (?^u:(abc|)ef). got: (?^u:(abc|)ef)
ok 425 - 471: re: (?^u:(ab|a)b*c). got: (?^u:(ab|a)b*c)
ok 426 - 472: re: (?^u:(ab|ab*)bc). got: (?^u:(ab|ab*)bc)
ok 427 - 473: re: (?^u:(ab|cd)e). got: (?^u:(ab|cd)e)
Error: Eval-group not allowed at runtime, use re 'eval' in regex m/(a|aa|aaa|aaaa|aaaaa|aaaaaa)(??{$1&&"foo"})(b|c)/ at xt/author/perl-5.21.11.t line 37, <DATA> line 1199.
Error: Eval-group not allowed at runtime, use re 'eval' in regex m/(a|aa|aaa||aaaa|aaaaa|aaaaaa)(??{$1&&""})(b|c)/ at xt/author/perl-5.21.11.t line 37, <DATA> line 1199.
ok 428 - 476: re: (?^u:(a|aa|aaa||aaaa|aaaaa|aaaaaa)(b|c)). got: (?^u:(a|aa|aaa||aaaa|aaaaa|aaaaaa)(b|c))
ok 429 - 477: re: (?^u:(a|b)c*d). got: (?^u:(a|b)c*d)
ok 430 - 478: re: (?^u:(a|b|c|d|e)f). got: (?^u:(a|b|c|d|e)f)
ok 431 - 479: re: (?^u:(a|x)*ab). got: (?^u:(a|x)*ab)
ok 432 - 480: re: (?^u:(bc+d$|ef*g.|h?i(j|k))). got: (?^u:(bc+d$|ef*g.|h?i(j|k)))
ok 433 - 481: re: (?^u:(foo)(\g-2)). got: (?^u:(foo)(\g-2))
ok 434 - 482: re: (?^u:(foo)(\g-2)(foo)(\g-2)). got: (?^u:(foo)(\g-2)(foo)(\g-2))
ok 435 - 483: re: (?^u:(foo[1x]|bar[2x]|baz[3x])*y). got: (?^u:(foo[1x]|bar[2x]|baz[3x])*y)
ok 436 - 484: re: (?^u:(foo[1x]|bar[2x]|baz[3x])+y). got: (?^u:(foo[1x]|bar[2x]|baz[3x])+y)
ok 437 - 485: re: (?^u:(foo|fool|[zx].|money|parted)$). got: (?^u:(foo|fool|[zx].|money|parted)$)
ok 438 - 486: re: (?^u:(foo|fool|[zx].|money|parted)+$). got: (?^u:(foo|fool|[zx].|money|parted)+$)
ok 439 - 487: re: (?^u:(foo|fool|money|parted)$). got: (?^u:(foo|fool|money|parted)$)
ok 440 - 488: re: (?^u:(foo|fool|x.|money|parted)$). got: (?^u:(foo|fool|x.|money|parted)$)
ok 441 - 489: re: (?^u:(q1|.)*(q2|.)*(x(a|bc)*y){2,3}). got: (?^u:(q1|.)*(q2|.)*(x(a|bc)*y){2,3})
ok 442 - 490: re: (?^u:(q1|.)*(q2|.)*(x(a|bc)*y){2,}). got: (?^u:(q1|.)*(q2|.)*(x(a|bc)*y){2,})
ok 443 - 491: re: (?^u:(q1|z)*(q2|z)*z{15}-.*?(x(a|bc)*y){2,3}Z). got: (?^u:(q1|z)*(q2|z)*z{15}-.*?(x(a|bc)*y){2,3}Z)
ok 444 - 492: re: (?^u:(x)(?<A>foo(?(R&A)bar))?(?&A)). got: (?^u:(x)(?<A>foo(?(R&A)bar))?(?&A))
ok 445 - 493: re: (?^u:(x)(?<A>foo(?(R2)bar))?(?&A)). got: (?^u:(x)(?<A>foo(?(R2)bar))?(?&A))
ok 446 - 494: re: (?^u:(x)?(?(1)a|b)). got: (?^u:(x)?(?(1)a|b))
ok 447 - 495: re: (?^u:(x)?(?(1)b|a)). got: (?^u:(x)?(?(1)b|a))
ok 448 - 496: re: (?^u:(x.|foo|fool|x.|money|parted|y.)$). got: (?^u:(x.|foo|fool|x.|money|parted|y.)$)
ok 449 - 497: re: (?^u:(x|y|z[QW])*(longish|loquatious|excessive|overblown[QW])*). got: (?^u:(x|y|z[QW])*(longish|loquatious|excessive|overblown[QW])*)
ok 450 - 498: re: (?^u:(x|y|z[QW])*+(longish|loquatious|excessive|overblown[QW])*+). got: (?^u:(x|y|z[QW])*+(longish|loquatious|excessive|overblown[QW])*+)
ok 451 - 499: re: (?^u:(x|y|z[QW])+(longish|loquatious|excessive|overblown[QW])+). got: (?^u:(x|y|z[QW])+(longish|loquatious|excessive|overblown[QW])+)
ok 452 - 500: re: (?^u:(x|y|z[QW])++(longish|loquatious|excessive|overblown[QW])++). got: (?^u:(x|y|z[QW])++(longish|loquatious|excessive|overblown[QW])++)
ok 453 - 501: re: (?^u:(x|y|z[QW]){1,5}(longish|loquatious|excessive|overblown[QW]){1,5}). got: (?^u:(x|y|z[QW]){1,5}(longish|loquatious|excessive|overblown[QW]){1,5})
ok 454 - 502: re: (?^u:(x|y|z[QW]){1,5}+(longish|loquatious|excessive|overblown[QW]){1,5}+). got: (?^u:(x|y|z[QW]){1,5}+(longish|loquatious|excessive|overblown[QW]){1,5}+)
Error: Quantifier follows nothing in regex; marked by <-- HERE in m/(|* <-- HERE )b/ at xt/author/perl-5.21.11.t line 37, <DATA> line 1199.
Error: Unmatched ) in regex; marked by <-- HERE in m/) <-- HERE (/ at xt/author/perl-5.21.11.t line 37, <DATA> line 1199.
Error: Quantifier follows nothing in regex; marked by <-- HERE in m/* <-- HERE a/ at xt/author/perl-5.21.11.t line 37, <DATA> line 1199.
ok 455 - 506: re: (?^u:.*(?<=foo)). got: (?^u:.*(?<=foo))
ok 456 - 507: re: (?^u:.*(?=foo)). got: (?^u:.*(?=foo))
ok 457 - 508: re: (?^u:.*?(?:(\w)|(\w))x). got: (?^u:.*?(?:(\w)|(\w))x)
ok 458 - 509: re: (?^u:.*\Z). got: (?^u:.*\Z)
ok 459 - 510: re: (?^u:.*\z). got: (?^u:.*\z)
ok 460 - 511: re: (?^u:.X(.+)+X). got: (?^u:.X(.+)+X)
ok 461 - 512: re: (?^u:.X(.+)+XX). got: (?^u:.X(.+)+XX)
ok 462 - 513: re: (?^u:.X(.+)+[X]). got: (?^u:.X(.+)+[X])
ok 463 - 514: re: (?^u:.X(.+)+[X][X]). got: (?^u:.X(.+)+[X][X])
ok 464 - 515: re: (?^u:.XX(.+)+X). got: (?^u:.XX(.+)+X)
ok 465 - 516: re: (?^u:.XX(.+)+[X]). got: (?^u:.XX(.+)+[X])
ok 466 - 517: re: (?^u:.[X](.+)+[X]). got: (?^u:.[X](.+)+[X])
ok 467 - 518: re: (?^u:.[X](.+)+[X][X]). got: (?^u:.[X](.+)+[X][X])
ok 468 - 519: re: (?^u:.[X][X](.+)+[X]). got: (?^u:.[X][X](.+)+[X])
ok 469 - 520: re: (?^u:.[b].). got: (?^u:.[b].)
ok 470 - 521: re: (?^u:.{1}). got: (?^u:.{1})
ok 471 - 522: re: (?^u:.{3,4}). got: (?^u:.{3,4})
ok 472 - 523: re: (?^u:/( [^z] $ [^z]+)/xm). got: (?^u:/( [^z] $ [^z]+)/xm)
ok 473 - 524: re: (?^u:/( a | ( bc ) ) {0,0} + xyz/x). got: (?^u:/( a | ( bc ) ) {0,0} + xyz/x)
ok 474 - 525: re: (?^u:/( a | ( bc ) ) {0,0} ? xyz/x). got: (?^u:/( a | ( bc ) ) {0,0} ? xyz/x)
ok 475 - 526: re: (?^u:/(.)((o)\1)(?2)/). got: (?^u:/(.)((o)\1)(?2)/)
ok 476 - 527: re: (?^u:/(.)(?2)((.)(?4)(\1))/). got: (?^u:/(.)(?2)((.)(?4)(\1))/)
ok 477 - 528: re: (?^u:/(.)(?2)((\1)(?4)(\1))/). got: (?^u:/(.)(?2)((\1)(?4)(\1))/)
ok 478 - 529: re: (?^u:/(.*?)a(?!(a+)b\2c)/). got: (?^u:/(.*?)a(?!(a+)b\2c)/)
Error: Group name must start with a non-digit word character in regex; marked by <-- HERE in m//(?'' <-- HERE foo) bar// at xt/author/perl-5.21.11.t line 37, <DATA> line 1199.
Error: Group name must start with a non-digit word character in regex; marked by <-- HERE in m//(?'0 <-- HERE 'foo) bar// at xt/author/perl-5.21.11.t line 37, <DATA> line 1199.
Error: Group name must start with a non-digit word character in regex; marked by <-- HERE in m//(?'1 <-- HERE 2'foo) bar// at xt/author/perl-5.21.11.t line 37, <DATA> line 1199.
Error: Group name must start with a non-digit word character in regex; marked by <-- HERE in m//(?'1 <-- HERE a'foo) bar// at xt/author/perl-5.21.11.t line 37, <DATA> line 1199.
ok 479 - 534: re: (?^u:/(?'_'foo) \k'_'/). got: (?^u:/(?'_'foo) \k'_'/)
ok 480 - 535: re: (?^u:/(?'_0_'foo) \k'_0_'/). got: (?^u:/(?'_0_'foo) \k'_0_'/)
ok 481 - 536: re: (?^u:/(?'a1'foo) \k'a1'/). got: (?^u:/(?'a1'foo) \k'a1'/)
ok 482 - 537: re: (?^u:/(?'first'(?&second)*)(?'second'[fF]o+)/). got: (?^u:/(?'first'(?&second)*)(?'second'[fF]o+)/)
ok 483 - 538: re: (?^u:/(?'n'foo) \g{n}/). got: (?^u:/(?'n'foo) \g{n}/)
ok 484 - 539: re: (?^u:/(?'n'foo) \k<n>/). got: (?^u:/(?'n'foo) \k<n>/)
Error: Eval-group not allowed at runtime, use re 'eval' in regex m//(?'n'foo)(??{ $+{n} })// at xt/author/perl-5.21.11.t line 37, <DATA> line 1199.
ok 485 - 541: re: (?^u:/(?'n'foo)\k<n>/). got: (?^u:/(?'n'foo)\k<n>/)
ok 486 - 542: re: (?^u:/(?'n'foo)|(?'n'bar)|(?<n>baz)/). got: (?^u:/(?'n'foo)|(?'n'bar)|(?<n>baz)/)
ok 487 - 543: re: (?^u:/(?'n'foo|bar|baz)(?'m'[ew]+)/). got: (?^u:/(?'n'foo|bar|baz)(?'m'[ew]+)/)
ok 488 - 544: re: (?^u:/(?'n'foo|bar|baz)/). got: (?^u:/(?'n'foo|bar|baz)/)
ok 489 - 545: re: (?^u:/(?:(?<n>foo)|(?<n>bar))\k<n>/). got: (?^u:/(?:(?<n>foo)|(?<n>bar))\k<n>/)
ok 490 - 546: re: (?^u:/(?:(?P<n>foo)|(?P<n>bar))(?P=n)/). got: (?^u:/(?:(?P<n>foo)|(?P<n>bar))(?P=n)/)
Error: Group name must start with a non-digit word character in regex; marked by <-- HERE in m//(?<0 <-- HERE >foo) bar// at xt/author/perl-5.21.11.t line 37, <DATA> line 1199.
Error: Group name must start with a non-digit word character in regex; marked by <-- HERE in m//(?<1 <-- HERE 2>foo) bar// at xt/author/perl-5.21.11.t line 37, <DATA> line 1199.
Error: Group name must start with a non-digit word character in regex; marked by <-- HERE in m//(?<1 <-- HERE a>foo) bar// at xt/author/perl-5.21.11.t line 37, <DATA> line 1199.
Error: Group name must start with a non-digit word character in regex; marked by <-- HERE in m//(?<> <-- HERE foo) bar// at xt/author/perl-5.21.11.t line 37, <DATA> line 1199.
ok 491 - 551: re: (?^u:/(?<_0_>foo) \k<_0_>/). got: (?^u:/(?<_0_>foo) \k<_0_>/)
ok 492 - 552: re: (?^u:/(?<_>foo) \k<_>/). got: (?^u:/(?<_>foo) \k<_>/)
ok 493 - 553: re: (?^u:/(?<a1>foo) \k<a1>/). got: (?^u:/(?<a1>foo) \k<a1>/)
ok 494 - 554: re: (?^u:/(?<as>as) (\w+) \g{as} (\w+)/). got: (?^u:/(?<as>as) (\w+) \g{as} (\w+)/)
ok 495 - 555: re: (?^u:/(?<as>as) (\w+) \k<as> (\w+)/). got: (?^u:/(?<as>as) (\w+) \k<as> (\w+)/)
ok 496 - 556: re: (?^u:/(?<n>foo) \g{n}/). got: (?^u:/(?<n>foo) \g{n}/)
ok 497 - 557: re: (?^u:/(?<n>foo) \k'n'/). got: (?^u:/(?<n>foo) \k'n'/)
ok 498 - 558: re: (?^u:/(?<n>foo)\k'n'/). got: (?^u:/(?<n>foo)\k'n'/)
ok 499 - 559: re: (?^u:/(?P<as>as) (\w+) (?P=as) (\w+)/). got: (?^u:/(?P<as>as) (\w+) (?P=as) (\w+)/)
ok 500 - 560: re: (?^u:/(?P<n>foo) (?P=n)/). got: (?^u:/(?P<n>foo) (?P=n)/)
ok 501 - 561: re: (?^u:/(?P<n>foo)(?P=n)/). got: (?^u:/(?P<n>foo)(?P=n)/)
ok 502 - 562: re: (?^u:/(?aia:s)/). got: (?^u:/(?aia:s)/)
ok 503 - 563: re: (?^u:/(?l:a?\D)/). got: (?^u:/(?l:a?\D)/)
ok 504 - 564: re: (?^u:/(?l:a?\w)/). got: (?^u:/(?l:a?\w)/)
ok 505 - 565: re: (?^u:/(a)(b)(c)(d)(e)(f)(g)(h)(i)(j)(k)\12/). got: (?^u:/(a)(b)(c)(d)(e)(f)(g)(h)(i)(j)(k)\12/)
ok 506 - 566: re: (?^u:/(a)(b)(c)(d)(e)(f)(g)(h)(i)(j)(k)\12\13\14/). got: (?^u:/(a)(b)(c)(d)(e)(f)(g)(h)(i)(j)(k)\12\13\14/)
ok 507 - 567: re: (?^u:/(a)(b)(c)(d)(e)(f)(g)(h)(i)(j)\11/). got: (?^u:/(a)(b)(c)(d)(e)(f)(g)(h)(i)(j)\11/)
ok 508 - 568: re: (?^u:/(a)(b)(c)(d)(e)(f)(g)(h)(i)\10/). got: (?^u:/(a)(b)(c)(d)(e)(f)(g)(h)(i)\10/)
Error: Reference to nonexistent group in regex; marked by <-- HERE in m//(a)(b)(c)(d)(e)(f)\7 <-- HERE // at xt/author/perl-5.21.11.t line 37, <DATA> line 1199.
Error: Reference to nonexistent group in regex; marked by <-- HERE in m//(a)(b)(c)(d)(e)\6 <-- HERE // at xt/author/perl-5.21.11.t line 37, <DATA> line 1199.
Error: Reference to nonexistent group in regex; marked by <-- HERE in m//(a)(b)(c)(d)\5 <-- HERE // at xt/author/perl-5.21.11.t line 37, <DATA> line 1199.
Error: Reference to nonexistent group in regex; marked by <-- HERE in m//(a)(b)(c)\4 <-- HERE // at xt/author/perl-5.21.11.t line 37, <DATA> line 1199.
Error: Reference to nonexistent group in regex; marked by <-- HERE in m//(a)(b)\3 <-- HERE // at xt/author/perl-5.21.11.t line 37, <DATA> line 1199.
ok 509 - 574: re: (?^u:/(a)*((?1))(fox)/). got: (?^u:/(a)*((?1))(fox)/)
ok 510 - 575: re: (?^u:/(a)+((?1))(fox)/). got: (?^u:/(a)+((?1))(fox)/)
ok 511 - 576: re: (?^u:/(a)?((?1))(fox)/). got: (?^u:/(a)?((?1))(fox)/)
Error: Reference to nonexistent group in regex; marked by <-- HERE in m//(a)\2 <-- HERE // at xt/author/perl-5.21.11.t line 37, <DATA> line 1199.
ok 512 - 578: re: (?^u:/(a){0,100}((?1))(fox)/). got: (?^u:/(a){0,100}((?1))(fox)/)
ok 513 - 579: re: (?^u:/(a){1,100}((?1))(fox)/). got: (?^u:/(a){1,100}((?1))(fox)/)
ok 514 - 580: re: (?^u:/(ab)*((?1))(fox)/). got: (?^u:/(ab)*((?1))(fox)/)
ok 515 - 581: re: (?^u:/(ab)+((?1))(fox)/). got: (?^u:/(ab)+((?1))(fox)/)
ok 516 - 582: re: (?^u:/(ab)?((?1))(fox)/). got: (?^u:/(ab)?((?1))(fox)/)
ok 517 - 583: re: (?^u:/(ab){0,100}((?1))(fox)/). got: (?^u:/(ab){0,100}((?1))(fox)/)
ok 518 - 584: re: (?^u:/(ab){1,100}((?1))(fox)/). got: (?^u:/(ab){1,100}((?1))(fox)/)
Useless use of greediness modifier '+' in regex; marked by <-- HERE in m//(a|(bc)){0,0}+ <-- HERE xyz// at xt/author/perl-5.21.11.t line 37, <DATA> line 1199.
ok 519 - 585: re: (?^u:/(a|(bc)){0,0}+xyz/). got: (?^u:/(a|(bc)){0,0}+xyz/)
Useless use of greediness modifier '?' in regex; marked by <-- HERE in m//(a|(bc)){0,0}? <-- HERE xyz// at xt/author/perl-5.21.11.t line 37, <DATA> line 1199.
ok 520 - 586: re: (?^u:/(a|(bc)){0,0}?xyz/). got: (?^u:/(a|(bc)){0,0}?xyz/)
ok 521 - 587: re: (?^u:/>\d+$ \n/ix). got: (?^u:/>\d+$ \n/ix)
ok 522 - 588: re: (?^u:/>\d+$ \n/x). got: (?^u:/>\d+$ \n/x)
ok 523 - 589: re: (?^u:/>\d\d$ \n/ix). got: (?^u:/>\d\d$ \n/ix)
ok 524 - 590: re: (?^u:/[A-Z]/i). got: (?^u:/[A-Z]/i)
ok 525 - 591: re: (?^u:/[A-Z]/ia). got: (?^u:/[A-Z]/ia)
ok 526 - 592: re: (?^u:/[A-Z]/iaa). got: (?^u:/[A-Z]/iaa)
ok 527 - 593: re: (?^u:/[[:alnum:]]/). got: (?^u:/[[:alnum:]]/)
ok 528 - 594: re: (?^u:/[[:alpha:]]/). got: (?^u:/[[:alpha:]]/)
ok 529 - 595: re: (?^u:/[[:ascii:]]/i). got: (?^u:/[[:ascii:]]/i)
ok 530 - 596: re: (?^u:/[[:graph:]]/). got: (?^u:/[[:graph:]]/)
ok 531 - 597: re: (?^u:/[[:lower:]]/). got: (?^u:/[[:lower:]]/)
ok 532 - 598: re: (?^u:/[[:lower:]]/i). got: (?^u:/[[:lower:]]/i)
ok 533 - 599: re: (?^u:/[[:print:]]/). got: (?^u:/[[:print:]]/)
ok 534 - 600: re: (?^u:/[[:punct:]]/). got: (?^u:/[[:punct:]]/)
ok 535 - 601: re: (?^u:/[[:upper:]]/). got: (?^u:/[[:upper:]]/)
ok 536 - 602: re: (?^u:/[[:upper:]]/i). got: (?^u:/[[:upper:]]/i)
ok 537 - 603: re: (?^u:/[[:word:]]/). got: (?^u:/[[:word:]]/)
ok 538 - 604: re: (?^u:/[\H]/). got: (?^u:/[\H]/)
ok 539 - 605: re: (?^u:/[\N{U+41}\x{c1}]/i). got: (?^u:/[\N{U+41}\x{c1}]/i)
Error: Invalid hexadecimal number in \N{U+...} in regex; marked by <-- HERE in m//[\N{U+4AG <-- HERE 3}]// at xt/author/perl-5.21.11.t line 37, <DATA> line 1199.
Error: Invalid hexadecimal number in \N{U+...} in regex; marked by <-- HERE in m//[\N{U+ <-- HERE }]// at xt/author/perl-5.21.11.t line 37, <DATA> line 1199.
ok 540 - 608: re: (?^u:/[\h]/). got: (?^u:/[\h]/)
ok 541 - 609: re: (?^u:/[^\x{1E9E}]/i). got: (?^u:/[^\x{1E9E}]/i)
ok 542 - 610: re: (?^u:/[a-z]/i). got: (?^u:/[a-z]/i)
ok 543 - 611: re: (?^u:/[a\N{U+0100}]/). got: (?^u:/[a\N{U+0100}]/)
ok 544 - 612: re: (?^u:/[s\xDF]a/ui). got: (?^u:/[s\xDF]a/ui)
ok 545 - 613: re: (?^u:/[s]s/i). got: (?^u:/[s]s/i)
ok 546 - 614: re: (?^u:/\A(?(?=db2)db2|\D+)(?<!processed)\.csv\z/xms). got: (?^u:/\A(?(?=db2)db2|\D+)(?<!processed)\.csv\z/xms)
ok 547 - 615: re: (?^u:/\N {1}/x). got: (?^u:/\N {1}/x)
ok 548 - 616: re: (?^u:/\N {3,4}/x). got: (?^u:/\N {3,4}/x)
Error: Invalid hexadecimal number in \N{U+...} in regex; marked by <-- HERE in m//\N{U+0x <-- HERE BEEF}// at xt/author/perl-5.21.11.t line 37, <DATA> line 1199.
ok 549 - 618: re: (?^u:/\N{U+41}\x{c1}/i). got: (?^u:/\N{U+41}\x{c1}/i)
Error: Invalid hexadecimal number in \N{U+...} in regex; marked by <-- HERE in m//\N{U+4AG <-- HERE 3}// at xt/author/perl-5.21.11.t line 37, <DATA> line 1199.
ok 550 - 620: re: (?^u:/\N{U+BEEF.BEAD}/). got: (?^u:/\N{U+BEEF.BEAD}/)
Error: Invalid hexadecimal number in \N{U+...} in regex; marked by <-- HERE in m//\N{U+ <-- HERE }// at xt/author/perl-5.21.11.t line 37, <DATA> line 1199.
ok 551 - 622: re: (?^u:/\d+$ \n/ix). got: (?^u:/\d+$ \n/ix)
ok 552 - 623: re: (?^u:/\s?\S/l). got: (?^u:/\s?\S/l)
ok 553 - 624: re: (?^u:/\s?\d/l). got: (?^u:/\s?\d/l)
ok 554 - 625: re: (?^u:/\s?\s/l). got: (?^u:/\s?\s/l)
ok 555 - 626: re: (?^u:/\xdf\xdf/ui). got: (?^u:/\xdf\xdf/ui)
ok 556 - 627: re: (?^u:/\xe0\pL/i). got: (?^u:/\xe0\pL/i)
ok 557 - 628: re: (?^u:/^ (\3(?2)\3)? ((.)) (?1) $/x). got: (?^u:/^ (\3(?2)\3)? ((.)) (?1) $/x)
ok 558 - 629: re: (?^u:/^ (a|\3(?1)\2|(?2)) ((b|c)(?4)?) (?1) (d(?1)) $/x). got: (?^u:/^ (a|\3(?1)\2|(?2)) ((b|c)(?4)?) (?1) (d(?1)) $/x)
Error: Eval-group not allowed at runtime, use re 'eval' in regex m//^((??{'\d'}))$/a/ at xt/author/perl-5.21.11.t line 37, <DATA> line 1199.
ok 559 - 632: re: (?^u:/^(.\1?)(?1)$/). got: (?^u:/^(.\1?)(?1)$/)
ok 560 - 633: re: (?^u:/^(.\2?)(.)(?1)$/). got: (?^u:/^(.\2?)(.)(?1)$/)
ok 561 - 634: re: (?^u:/^(?'main'<(?:[^<>]+|(?&crap)|(?&main))*>)(?'empty')(?'crap'!>!>!>)$/). got: (?^u:/^(?'main'<(?:[^<>]+|(?&crap)|(?&main))*>)(?'empty')(?'crap'!>!>!>)$/)
ok 562 - 635: re: (?^u:/^(?'main'<(?:[^<>]+|(?&main))*>)$/). got: (?^u:/^(?'main'<(?:[^<>]+|(?&main))*>)$/)
ok 563 - 636: re: (?^u:/^(?:foo|)bar$/). got: (?^u:/^(?:foo|)bar$/)
ok 564 - 637: re: (?^u:/^(?:foo||baz)bar$/). got: (?^u:/^(?:foo||baz)bar$/)
ok 565 - 638: re: (?^u:/^(?<PAL>(?<CHAR>.)((?&PAL)|.?)\k<CHAR>)$/). got: (?^u:/^(?<PAL>(?<CHAR>.)((?&PAL)|.?)\k<CHAR>)$/)
Error: Eval-group not allowed at runtime, use re 'eval' in regex m//^(??{"s"})$/i/ at xt/author/perl-5.21.11.t line 37, <DATA> line 1199.
Error: Eval-group not allowed at runtime, use re 'eval' in regex m//^(??{"s"})$/ia/ at xt/author/perl-5.21.11.t line 37, <DATA> line 1199.
Error: Eval-group not allowed at runtime, use re 'eval' in regex m//^(??{"s"})$/iaa/ at xt/author/perl-5.21.11.t line 37, <DATA> line 1199.
Error: Eval-group not allowed at runtime, use re 'eval' in regex m//^(??{'\w'})$/u/ at xt/author/perl-5.21.11.t line 37, <DATA> line 1199.
ok 566 - 643: re: (?^u:/^(?P<PAL>(?P<CHAR>.)((?P>PAL)|.?)(?P=CHAR))$/). got: (?^u:/^(?P<PAL>(?P<CHAR>.)((?P>PAL)|.?)(?P=CHAR))$/)
ok 567 - 644: re: (?^u:/^(?d:\xdf|_)*_/i). got: (?^u:/^(?d:\xdf|_)*_/i)
ok 568 - 645: re: (?^u:/^(?i:foo|)bar$/). got: (?^u:/^(?i:foo|)bar$/)
ok 569 - 646: re: (?^u:/^(?i:foo||baz)bar$/). got: (?^u:/^(?i:foo||baz)bar$/)
Error: Eval-group not allowed at runtime, use re 'eval' in regex m//^(A) ((??{' .'}))(B)$/x/ at xt/author/perl-5.21.11.t line 37, <DATA> line 1199.
Error: Eval-group not allowed at runtime, use re 'eval' in regex m//^(A)((??{'.'}))(B)$/s/ at xt/author/perl-5.21.11.t line 37, <DATA> line 1199.
Error: Eval-group not allowed at runtime, use re 'eval' in regex m//^(A)((??{'B$'}))(\nC)$/m/ at xt/author/perl-5.21.11.t line 37, <DATA> line 1199.
Error: Eval-group not allowed at runtime, use re 'eval' in regex m//^(a)((??{"b"}))$/i/ at xt/author/perl-5.21.11.t line 37, <DATA> line 1199.
ok 570 - 651: re: (?^u:/^(foo|)bar$/). got: (?^u:/^(foo|)bar$/)
ok 571 - 652: re: (?^u:/^(foo||baz)bar$/). got: (?^u:/^(foo||baz)bar$/)
ok 572 - 653: re: (?^u:/^.*\d\H/). got: (?^u:/^.*\d\H/)
ok 573 - 654: re: (?^u:/^.*\d\V/). got: (?^u:/^.*\d\V/)
ok 574 - 656: re: (?^u:/^\D{11}/a). got: (?^u:/^\D{11}/a)
ok 575 - 657: re: (?^u:/^\R\x0A$/). got: (?^u:/^\R\x0A$/)
ok 576 - 658: re: (?^u:/^\S+=/d). got: (?^u:/^\S+=/d)
ok 577 - 659: re: (?^u:/^\S+=/u). got: (?^u:/^\S+=/u)
ok 578 - 660: re: (?^u:/^\S{11}/a). got: (?^u:/^\S{11}/a)
ok 579 - 661: re: (?^u:/^\W{11}/a). got: (?^u:/^\W{11}/a)
ok 580 - 662: re: (?^u:/^\p{L_}/). got: (?^u:/^\p{L_}/)
ok 581 - 663: re: (?^u:/^\p{L}/). got: (?^u:/^\p{L}/)
ok 582 - 664: re: (?^u:/^\s*i.*?o\s*$/s). got: (?^u:/^\s*i.*?o\s*$/s)
ok 583 - 665: re: (?^u:/a\N *c/x). got: (?^u:/a\N *c/x)
ok 584 - 666: re: (?^u:/a\N c/x). got: (?^u:/a\N c/x)
ok 585 - 667: re: (?^u:/abc\N {SPACE}/x). got: (?^u:/abc\N {SPACE}/x)
ok 586 - 668: re: (?^u:/abc\N {U+41}/x). got: (?^u:/abc\N {U+41}/x)
Error: \N{NAME} must be resolved by the lexer in regex; marked by <-- HERE in m//abc\N{ <-- HERE def// at xt/author/perl-5.21.11.t line 37, <DATA> line 1199.
ok 587 - 670: re: (?^u:/ff/i). got: (?^u:/ff/i)
ok 588 - 671: re: (?^u:/ffiffl/i). got: (?^u:/ffiffl/i)
ok 589 - 672: re: (?^u:/fi/i). got: (?^u:/fi/i)
Error: Group name must start with a non-digit word character in regex; marked by <-- HERE in m//foo \k'' <-- HERE // at xt/author/perl-5.21.11.t line 37, <DATA> line 1199.
Error: Group name must start with a non-digit word character in regex; marked by <-- HERE in m//foo \k'0 <-- HERE '// at xt/author/perl-5.21.11.t line 37, <DATA> line 1199.
Error: Group name must start with a non-digit word character in regex; marked by <-- HERE in m//foo \k'1 <-- HERE 2'// at xt/author/perl-5.21.11.t line 37, <DATA> line 1199.
Error: Group name must start with a non-digit word character in regex; marked by <-- HERE in m//foo \k'1 <-- HERE a'// at xt/author/perl-5.21.11.t line 37, <DATA> line 1199.
Error: Reference to nonexistent named group in regex; marked by <-- HERE in m//foo \k'_ <-- HERE '// at xt/author/perl-5.21.11.t line 37, <DATA> line 1199.
Error: Reference to nonexistent named group in regex; marked by <-- HERE in m//foo \k'_0_ <-- HERE '// at xt/author/perl-5.21.11.t line 37, <DATA> line 1199.
Error: Reference to nonexistent named group in regex; marked by <-- HERE in m//foo \k'a1 <-- HERE '// at xt/author/perl-5.21.11.t line 37, <DATA> line 1199.
Error: Reference to nonexistent named group in regex; marked by <-- HERE in m//foo \k'n <-- HERE '// at xt/author/perl-5.21.11.t line 37, <DATA> line 1199.
Error: Group name must start with a non-digit word character in regex; marked by <-- HERE in m//foo \k<0 <-- HERE >// at xt/author/perl-5.21.11.t line 37, <DATA> line 1199.
Error: Group name must start with a non-digit word character in regex; marked by <-- HERE in m//foo \k<1 <-- HERE 2>// at xt/author/perl-5.21.11.t line 37, <DATA> line 1199.
Error: Group name must start with a non-digit word character in regex; marked by <-- HERE in m//foo \k<1 <-- HERE a>// at xt/author/perl-5.21.11.t line 37, <DATA> line 1199.
Error: Group name must start with a non-digit word character in regex; marked by <-- HERE in m//foo \k<> <-- HERE // at xt/author/perl-5.21.11.t line 37, <DATA> line 1199.
Error: Reference to nonexistent named group in regex; marked by <-- HERE in m//foo \k<_0_ <-- HERE >// at xt/author/perl-5.21.11.t line 37, <DATA> line 1199.
Error: Reference to nonexistent named group in regex; marked by <-- HERE in m//foo \k<_ <-- HERE >// at xt/author/perl-5.21.11.t line 37, <DATA> line 1199.
Error: Reference to nonexistent named group in regex; marked by <-- HERE in m//foo \k<a1 <-- HERE >// at xt/author/perl-5.21.11.t line 37, <DATA> line 1199.
Error: Reference to nonexistent named group in regex; marked by <-- HERE in m//foo \k<n <-- HERE >// at xt/author/perl-5.21.11.t line 37, <DATA> line 1199.
ok 590 - 689: re: (?^u:/s/ai). got: (?^u:/s/ai)
ok 591 - 690: re: (?^u:/s/aia). got: (?^u:/s/aia)
ok 592 - 691: re: (?^u:/s[s]/i). got: (?^u:/s[s]/i)
ok 593 - 692: re: (?^u:/s\xDF/ui). got: (?^u:/s\xDF/ui)
ok 594 - 693: re: (?^u:/ssst/i). got: (?^u:/ssst/i)
ok 595 - 694: re: (?^u:/sst/ui). got: (?^u:/sst/ui)
ok 596 - 695: re: (?^u:/st/i). got: (?^u:/st/i)
ok 597 - 696: re: (?^u:/syntax OK\s+\z/si). got: (?^u:/syntax OK\s+\z/si)
ok 598 - 697: re: (?^u:/w\z\R\z/i). got: (?^u:/w\z\R\z/i)
ok 599 - 698: re: (?^u:/w\zxy?\z/i). got: (?^u:/w\zxy?\z/i)
ok 600 - 699: re: (?^u:0{50}). got: (?^u:0{50})
ok 601 - 700: re: (?^u:2(]*)?$\1). got: (?^u:2(]*)?$\1)
Error: Unmatched ( in regex; marked by <-- HERE in m/:( <-- HERE ?:/ at xt/author/perl-5.21.11.t line 37, <DATA> line 1199.
ok 602 - 702: re: (?^u:A+(*PRUNE)BC). got: (?^u:A+(*PRUNE)BC)
Error: Eval-group not allowed at runtime, use re 'eval' in regex m/A+(*PRUNE)BC(?{})/ at xt/author/perl-5.21.11.t line 37, <DATA> line 1199.
ok 603 - 704: re: (?^u:A+(*THEN)BC). got: (?^u:A+(*THEN)BC)
Error: Eval-group not allowed at runtime, use re 'eval' in regex m/A+(*THEN)BC(?{})/ at xt/author/perl-5.21.11.t line 37, <DATA> line 1199.
ok 604 - 706: re: (?^u:A+?(*PRUNE)BC). got: (?^u:A+?(*PRUNE)BC)
Error: Eval-group not allowed at runtime, use re 'eval' in regex m/A+?(*PRUNE)BC(?{})/ at xt/author/perl-5.21.11.t line 37, <DATA> line 1199.
ok 605 - 708: re: (?^u:A+?(*THEN)BC). got: (?^u:A+?(*THEN)BC)
Error: Eval-group not allowed at runtime, use re 'eval' in regex m/A+?(*THEN)BC(?{})/ at xt/author/perl-5.21.11.t line 37, <DATA> line 1199.
ok 606 - 710: re: (?^u:X(?!b+(?!(c+)*(?!(c+)*d))).*X). got: (?^u:X(?!b+(?!(c+)*(?!(c+)*d))).*X)
ok 607 - 711: re: (?^u:X(?:ABCF[cC]x*|ABCD|ABCF):(?:DIT|DID|DIM)). got: (?^u:X(?:ABCF[cC]x*|ABCD|ABCF):(?:DIT|DID|DIM))
ok 608 - 712: re: (?^u:X(?<=foo.)[YZ]). got: (?^u:X(?<=foo.)[YZ])
ok 609 - 713: re: (?^u:X(?=foo)). got: (?^u:X(?=foo))
ok 610 - 714: re: (?^u:X(?=foo)f). got: (?^u:X(?=foo)f)
ok 611 - 715: re: (?^u:X(\w+)(?=\s)|X(\w+)). got: (?^u:X(\w+)(?=\s)|X(\w+))
Error: POSIX class [:^foo:] unknown in regex; marked by <-- HERE in m/[[:^foo:] <-- HERE ]/ at xt/author/perl-5.21.11.t line 37, <DATA> line 1199.
Error: POSIX class [:foo:] unknown in regex; marked by <-- HERE in m/[[:foo:] <-- HERE ]/ at xt/author/perl-5.21.11.t line 37, <DATA> line 1199.
ok 612 - 718: re: (?^u:[\0005]). got: (?^u:[\0005])
ok 613 - 719: re: (?^u:[\006]). got: (?^u:[\006])
ok 614 - 720: re: (?^u:[\07]). got: (?^u:[\07])
ok 615 - 721: re: (?^u:[\0]). got: (?^u:[\0])
Unrecognized escape \8 in character class passed through in regex; marked by <-- HERE in m/[\8 <-- HERE \9]/ at xt/author/perl-5.21.11.t line 37, <DATA> line 1199.
Unrecognized escape \9 in character class passed through in regex; marked by <-- HERE in m/[\8\9 <-- HERE ]/ at xt/author/perl-5.21.11.t line 37, <DATA> line 1199.
ok 616 - 722: re: (?^u:[\8\9]). got: (?^u:[\8\9])
ok 617 - 723: re: (?^u:[\D]). got: (?^u:[\D])
Error: Invalid hexadecimal number in \N{U+...} in regex; marked by <-- HERE in m/[\N{U+4AG <-- HERE 3}]/ at xt/author/perl-5.21.11.t line 37, <DATA> line 1199.
Error: Invalid hexadecimal number in \N{U+...} in regex; marked by <-- HERE in m/[\N{U+ <-- HERE }]/ at xt/author/perl-5.21.11.t line 37, <DATA> line 1199.
ok 618 - 726: re: (?^u:[\W]). got: (?^u:[\W])
ok 619 - 727: re: (?^u:[\_]). got: (?^u:[\_])
ok 620 - 728: re: (?^u:[\d]). got: (?^u:[\d])
ok 621 - 729: re: (?^u:[\w]). got: (?^u:[\w])
ok 622 - 730: re: (?^u:[^\n]+). got: (?^u:[^\n]+)
ok 623 - 731: re: (?^u:[^\p{Alphabetic}]). got: (?^u:[^\p{Alphabetic}])
ok 624 - 732: re: (?^u:[^ab]*). got: (?^u:[^ab]*)
ok 625 - 733: re: (?^u:[a-zA-Z_][a-zA-Z0-9_]*). got: (?^u:[a-zA-Z_][a-zA-Z0-9_]*)
ok 626 - 734: re: (?^u:[a[:]b[:c]). got: (?^u:[a[:]b[:c])
Error: Unmatched [ in regex; marked by <-- HERE in m/[ <-- HERE a[:xyz:/ at xt/author/perl-5.21.11.t line 37, <DATA> line 1199.
Error: POSIX class [:xyz:] unknown in regex; marked by <-- HERE in m/[a[:xyz:] <-- HERE / at xt/author/perl-5.21.11.t line 37, <DATA> line 1199.
ok 627 - 737: re: (?^u:[a\400]). got: (?^u:[a\400])
ok 628 - 738: re: (?^u:[a\o{1000}]). got: (?^u:[a\o{1000}])
ok 629 - 739: re: (?^u:[a\o{120}]). got: (?^u:[a\o{120}])
ok 630 - 740: re: (?^u:[a\o{400}]). got: (?^u:[a\o{400}])
ok 631 - 741: re: (?^u:[a][b][d]). got: (?^u:[a][b][d])
Error: \N in a character class must be a named character: \N{...} in regex; marked by <-- HERE in m/[abc\N <-- HERE \{U+BEEF}]/ at xt/author/perl-5.21.11.t line 37, <DATA> line 1199.
ok 632 - 743: re: (?^u:[abhgefdc]ij). got: (?^u:[abhgefdc]ij)
ok 633 - 744: re: (?^u:[b\600]). got: (?^u:[b\600])
ok 634 - 745: re: (?^u:[bcd].{2,3}aaaa). got: (?^u:[bcd].{2,3}aaaa)
ok 635 - 746: re: (?^u:[c\777]). got: (?^u:[c\777])
ok 636 - 747: re: (?^u:[k]). got: (?^u:[k])
ok 637 - 748: re: (?^u:\((.*), (.*)\)). got: (?^u:\((.*), (.*)\))
ok 638 - 749: re: (?^u:\((\w\. \w+)\)). got: (?^u:\((\w\. \w+)\))
Error: Reference to nonexistent group in regex; marked by <-- HERE in m/\1 <-- HERE / at xt/author/perl-5.21.11.t line 37, <DATA> line 1199.
Error: Reference to nonexistent group in regex; marked by <-- HERE in m/\2 <-- HERE / at xt/author/perl-5.21.11.t line 37, <DATA> line 1199.
ok 639 - 752: re: (?^u:\400). got: (?^u:\400)
ok 640 - 753: re: (?^u:\600). got: (?^u:\600)
ok 641 - 754: re: (?^u:\777). got: (?^u:\777)
Error: Reference to nonexistent group in regex; marked by <-- HERE in m/\87 <-- HERE / at xt/author/perl-5.21.11.t line 37, <DATA> line 1199.
ok 642 - 756: re: (?^u:\A(?>\[(?:(?:)(?:R){1}|T|V?|A)\])\z). got: (?^u:\A(?>\[(?:(?:)(?:R){1}|T|V?|A)\])\z)
ok 643 - 757: re: (?^u:\B). got: (?^u:\B)
ok 644 - 758: re: (?^u:\Ba\B). got: (?^u:\Ba\B)
ok 645 - 759: re: (?^u:\By\B). got: (?^u:\By\B)
ok 646 - 760: re: (?^u:\By\b). got: (?^u:\By\b)
ok 647 - 761: re: (?^u:\D). got: (?^u:\D)
ok 648 - 762: re: (?^u:\GX.*X). got: (?^u:\GX.*X)
ok 649 - 763: re: (?^u:\N*\Z). got: (?^u:\N*\Z)
ok 650 - 764: re: (?^u:\N*\z). got: (?^u:\N*\z)
ok 651 - 765: re: (?^u:\N?a). got: (?^u:\N?a)
ok 652 - 766: re: (?^u:\N{1}). got: (?^u:\N{1})
ok 653 - 767: re: (?^u:\N{3,4}). got: (?^u:\N{3,4})
Error: Invalid hexadecimal number in \N{U+...} in regex; marked by <-- HERE in m/\N{U+0x <-- HERE BEEF}/ at xt/author/perl-5.21.11.t line 37, <DATA> line 1199.
Error: Invalid hexadecimal number in \N{U+...} in regex; marked by <-- HERE in m/\N{U+4AG <-- HERE 3}/ at xt/author/perl-5.21.11.t line 37, <DATA> line 1199.
Error: Invalid hexadecimal number in \N{U+...} in regex; marked by <-- HERE in m/\N{U+ <-- HERE }/ at xt/author/perl-5.21.11.t line 37, <DATA> line 1199.
ok 654 - 771: re: (?^u:\Vn). got: (?^u:\Vn)
ok 655 - 772: re: (?^u:\W). got: (?^u:\W)
ok 656 - 773: re: (?^u:\Z). got: (?^u:\Z)
ok 657 - 774: re: (?^u:\ba). got: (?^u:\ba)
ok 658 - 775: re: (?^u:\ba\b). got: (?^u:\ba\b)
ok 659 - 776: re: (?^u:\by\B). got: (?^u:\by\B)
ok 660 - 777: re: (?^u:\by\b). got: (?^u:\by\b)
"\c1" is more clearly written simply as "q" at xt/author/perl-5.21.11.t line 37, <DATA> line 1199.
ok 661 - 778: re: (?^u:\c1). got: (?^u:\c1)
ok 662 - 779: re: (?^u:\c?). got: (?^u:\c?)
ok 663 - 780: re: (?^u:\c@). got: (?^u:\c@)
ok 664 - 781: re: (?^u:\cA). got: (?^u:\cA)
ok 665 - 782: re: (?^u:\cB). got: (?^u:\cB)
ok 666 - 783: re: (?^u:\cC). got: (?^u:\cC)
ok 667 - 784: re: (?^u:\cI). got: (?^u:\cI)
ok 668 - 785: re: (?^u:\cJ). got: (?^u:\cJ)
ok 669 - 786: re: (?^u:\cR). got: (?^u:\cR)
ok 670 - 787: re: (?^u:\cS). got: (?^u:\cS)
ok 671 - 788: re: (?^u:\cX). got: (?^u:\cX)
ok 672 - 789: re: (?^u:\cY). got: (?^u:\cY)
ok 673 - 790: re: (?^u:\cZ). got: (?^u:\cZ)
ok 674 - 791: re: (?^u:\c[). got: (?^u:\c[)
ok 675 - 792: re: (?^u:\c\X). got: (?^u:\c\X)
ok 676 - 793: re: (?^u:\c]). got: (?^u:\c])
ok 677 - 794: re: (?^u:\c^). got: (?^u:\c^)
ok 678 - 795: re: (?^u:\c_). got: (?^u:\c_)
"\c`" is more clearly written simply as "\ " at xt/author/perl-5.21.11.t line 37, <DATA> line 1199.
ok 679 - 796: re: (?^u:\c`). got: (?^u:\c`)
ok 680 - 797: re: (?^u:\d). got: (?^u:\d)
ok 681 - 798: re: (?^u:\d<(.*?)>). got: (?^u:\d<(.*?)>)
Error: Reference to invalid group 0 in regex; marked by <-- HERE in m/\g- <-- HERE 0/ at xt/author/perl-5.21.11.t line 37, <DATA> line 1199.
Error: Reference to nonexistent or unclosed group in regex; marked by <-- HERE in m/\g- <-- HERE 1/ at xt/author/perl-5.21.11.t line 37, <DATA> line 1199.
Error: Reference to invalid group 0 in regex; marked by <-- HERE in m/\g <-- HERE 0/ at xt/author/perl-5.21.11.t line 37, <DATA> line 1199.
Error: Reference to nonexistent group in regex; marked by <-- HERE in m/\g1 <-- HERE / at xt/author/perl-5.21.11.t line 37, <DATA> line 1199.
Error: Reference to invalid group 0 in regex; marked by <-- HERE in m/\g{- <-- HERE 0}/ at xt/author/perl-5.21.11.t line 37, <DATA> line 1199.
Error: Reference to nonexistent or unclosed group in regex; marked by <-- HERE in m/\g{- <-- HERE 1}/ at xt/author/perl-5.21.11.t line 37, <DATA> line 1199.
Error: Reference to invalid group 0 in regex; marked by <-- HERE in m/\g{ <-- HERE 0}/ at xt/author/perl-5.21.11.t line 37, <DATA> line 1199.
Error: Reference to nonexistent group in regex; marked by <-- HERE in m/\g{1} <-- HERE / at xt/author/perl-5.21.11.t line 37, <DATA> line 1199.
ok 682 - 807: re: (?^u:\n((?m)^b)). got: (?^u:\n((?m)^b))
ok 683 - 808: re: (?^u:\o{1000}). got: (?^u:\o{1000})
ok 684 - 809: re: (?^u:\o{120}). got: (?^u:\o{120})
ok 685 - 810: re: (?^u:\o{400}). got: (?^u:\o{400})
ok 686 - 811: re: (?^u:\w). got: (?^u:\w)
Error: Eval-group not allowed at runtime, use re 'eval' in regex m/\x{100}?(??{""})xxx/ at xt/author/perl-5.21.11.t line 37, <DATA> line 1199.
ok 687 - 813: re: (?^u:\x{100}[xy]\x{100}{2}). got: (?^u:\x{100}[xy]\x{100}{2})
ok 688 - 814: re: (?^u:\x{100}a{2,3}). got: (?^u:\x{100}a{2,3})
ok 689 - 815: re: (?^u:\z). got: (?^u:\z)
ok 690 - 816: re: (?^u:^). got: (?^u:^)
ok 691 - 817: re: (?^u:^((.)?a\2)+$). got: (?^u:^((.)?a\2)+$)
ok 692 - 818: re: (?^u:^((?:aa)*)(?:X+((?:\d+|-)(?:X+(.+))?))?$). got: (?^u:^((?:aa)*)(?:X+((?:\d+|-)(?:X+(.+))?))?$)
ok 693 - 819: re: (?^u:^((?>(?:aa)?b)?)). got: (?^u:^((?>(?:aa)?b)?))
ok 694 - 820: re: (?^u:^((a|b)+)*ax). got: (?^u:^((a|b)+)*ax)
ok 695 - 821: re: (?^u:^((a|bc)+)*ax). got: (?^u:^((a|bc)+)*ax)
ok 696 - 822: re: (?^u:^(){3,5}). got: (?^u:^(){3,5})
Error: Eval-group not allowed at runtime, use re 'eval' in regex m/^(.)((??{"(.)(cz+)"})|.)/ at xt/author/perl-5.21.11.t line 37, <DATA> line 1199.
ok 697 - 824: re: (?^u:^(.)(?:(.)+)*[BX]). got: (?^u:^(.)(?:(.)+)*[BX])
ok 698 - 825: re: (?^u:^(.)(?:(..)|B)[CX]). got: (?^u:^(.)(?:(..)|B)[CX])
ok 699 - 826: re: (?^u:^(.)(?:BC(.)|B)[CX]). got: (?^u:^(.)(?:BC(.)|B)[CX])
Error: Eval-group not allowed at runtime, use re 'eval' in regex m/^(.)(??{"(.)(.)"})(.)$/ at xt/author/perl-5.21.11.t line 37, <DATA> line 1199.
Error: Eval-group not allowed at runtime, use re 'eval' in regex m/^(.)(??{"(bz+|.)(.)"})(.)$/ at xt/author/perl-5.21.11.t line 37, <DATA> line 1199.
ok 700 - 829: re: (?^u:^(.)(B)*.[CX]). got: (?^u:^(.)(B)*.[CX])
ok 701 - 830: re: (?^u:^(.)(B)*.[DX]). got: (?^u:^(.)(B)*.[DX])
ok 702 - 831: re: (?^u:^(.)(BC)*). got: (?^u:^(.)(BC)*)
ok 703 - 832: re: (?^u:^(.)(BC)*[BX]). got: (?^u:^(.)(BC)*[BX])
ok 704 - 833: re: (?^u:^(.+)?B). got: (?^u:^(.+)?B)
ok 705 - 834: re: (?^u:^(.,){2}c). got: (?^u:^(.,){2}c)
ok 706 - 835: re: (?^u:^(0+)?(?:x(1))?). got: (?^u:^(0+)?(?:x(1))?)
ok 707 - 836: re: (?^u:^(<(?:[^<>]+|(?1))*>)$). got: (?^u:^(<(?:[^<>]+|(?1))*>)$)
ok 708 - 837: re: (?^u:^(<(?:[^<>]+|(?3)|(?1))*>)()(!>!>!>)$). got: (?^u:^(<(?:[^<>]+|(?3)|(?1))*>)()(!>!>!>)$)
Error: Eval-group not allowed at runtime, use re 'eval' in regex m/^(?:(??{"a+"})|b)a/ at xt/author/perl-5.21.11.t line 37, <DATA> line 1199.
ok 709 - 839: re: (?^u:^(?:(X)?(\d)|(X)?(\d\d))$). got: (?^u:^(?:(X)?(\d)|(X)?(\d\d))$)
ok 710 - 840: re: (?^u:^(?:(XX)?(\d)|(XX)?(\d\d))$). got: (?^u:^(?:(XX)?(\d)|(XX)?(\d\d))$)
ok 711 - 841: re: (?^u:^(?:(\d)x)?\d$). got: (?^u:^(?:(\d)x)?\d$)
ok 712 - 842: re: (?^u:^(?:.,){2}c). got: (?^u:^(?:.,){2}c)
ok 713 - 843: re: (?^u:^(?:[^,]*,){2}c). got: (?^u:^(?:[^,]*,){2}c)
ok 714 - 844: re: (?^u:^(?:a?b?)*$). got: (?^u:^(?:a?b?)*$)
ok 715 - 845: re: (?^u:^(?:b|a(?=(.)))*\1). got: (?^u:^(?:b|a(?=(.)))*\1)
ok 716 - 846: re: (?^u:^(?:f|o|b){2,3}?((?:b|a|r)+)\1\z). got: (?^u:^(?:f|o|b){2,3}?((?:b|a|r)+)\1\z)
ok 717 - 847: re: (?^u:^(?:f|o|b){2,3}?((?:b|a|r)+?)\1\z). got: (?^u:^(?:f|o|b){2,3}?((?:b|a|r)+?)\1\z)
ok 718 - 848: re: (?^u:^(?:f|o|b){2,3}?(.+)\1\z). got: (?^u:^(?:f|o|b){2,3}?(.+)\1\z)
ok 719 - 849: re: (?^u:^(?:f|o|b){2,3}?(.+?)\1\z). got: (?^u:^(?:f|o|b){2,3}?(.+?)\1\z)
ok 720 - 850: re: (?^u:^(?:f|o|b){3,4}((?:b|a|r)+)\1\z). got: (?^u:^(?:f|o|b){3,4}((?:b|a|r)+)\1\z)
ok 721 - 851: re: (?^u:^(?:f|o|b){3,4}((?:b|a|r)+?)\1\z). got: (?^u:^(?:f|o|b){3,4}((?:b|a|r)+?)\1\z)
ok 722 - 852: re: (?^u:^(?:f|o|b){3,4}(.+)\1\z). got: (?^u:^(?:f|o|b){3,4}(.+)\1\z)
ok 723 - 853: re: (?^u:^(?:f|o|b){3,4}(.+?)\1\z). got: (?^u:^(?:f|o|b){3,4}(.+?)\1\z)
ok 724 - 854: re: (?^u:^(?=(a)){0}b(?1)). got: (?^u:^(?=(a)){0}b(?1))
ok 725 - 855: re: (?^u:^(?=(a+?))\1ab). got: (?^u:^(?=(a+?))\1ab)
ok 726 - 856: re: (?^u:^(?=XY*foo)). got: (?^u:^(?=XY*foo))
Error: Eval-group not allowed at runtime, use re 'eval' in regex m/^(??{"a+"})a/ at xt/author/perl-5.21.11.t line 37, <DATA> line 1199.
Error: Eval-group not allowed at runtime, use re 'eval' in regex m/^(??{chr 0x100}).$/ at xt/author/perl-5.21.11.t line 37, <DATA> line 1199.
Error: Eval-group not allowed at runtime, use re 'eval' in regex m/^(??{chr 0x100})\xbb/ at xt/author/perl-5.21.11.t line 37, <DATA> line 1199.
Error: Eval-group not allowed at runtime, use re 'eval' in regex m/^(??{q(.)})\x{100}/ at xt/author/perl-5.21.11.t line 37, <DATA> line 1199.
Error: Eval-group not allowed at runtime, use re 'eval' in regex m/^(??{q(.+)})\x{100}/ at xt/author/perl-5.21.11.t line 37, <DATA> line 1199.
Error: Eval-group not allowed at runtime, use re 'eval' in regex m/^(??{q(\x{100})})./ at xt/author/perl-5.21.11.t line 37, <DATA> line 1199.
Error: Eval-group not allowed at runtime, use re 'eval' in regex m/^(A)((?(?{0})abc|xyz))$/ at xt/author/perl-5.21.11.t line 37, <DATA> line 1199.
Error: Eval-group not allowed at runtime, use re 'eval' in regex m/^(A)((?(?{1})abc|xyz))$/ at xt/author/perl-5.21.11.t line 37, <DATA> line 1199.
Error: Eval-group not allowed at runtime, use re 'eval' in regex m/^(A)((?(?{return 0})abc|xyz))$/ at xt/author/perl-5.21.11.t line 37, <DATA> line 1199.
Error: Eval-group not allowed at runtime, use re 'eval' in regex m/^(A)((?(?{return 1})abc|xyz))$/ at xt/author/perl-5.21.11.t line 37, <DATA> line 1199.
Error: Eval-group not allowed at runtime, use re 'eval' in regex m/^(A)((??{"xyz"}))$/ at xt/author/perl-5.21.11.t line 37, <DATA> line 1199.
Error: Eval-group not allowed at runtime, use re 'eval' in regex m/^(A)((??{return "xyz"}))$/ at xt/author/perl-5.21.11.t line 37, <DATA> line 1199.
Error: Eval-group not allowed at runtime, use re 'eval' in regex m/^(A)(?{"xyz"})B$/ at xt/author/perl-5.21.11.t line 37, <DATA> line 1199.
Error: Eval-group not allowed at runtime, use re 'eval' in regex m/^(A)(?{return "xyz"})B$/ at xt/author/perl-5.21.11.t line 37, <DATA> line 1199.
ok 727 - 871: re: (?^u:^(XXXXXXXXXX|YYYYYYYYYY|Z.Q*X|Z[TE]Q*P):). got: (?^u:^(XXXXXXXXXX|YYYYYYYYYY|Z.Q*X|Z[TE]Q*P):)
ok 728 - 872: re: (?^u:^(XXX|YYY|Z.Q*X|Z[TE]Q*P):). got: (?^u:^(XXX|YYY|Z.Q*X|Z[TE]Q*P):)
ok 729 - 873: re: (?^u:^([0-9a-fA-F]+)(?:x([0-9a-fA-F]+)?)(?:x([0-9a-fA-F]+))?). got: (?^u:^([0-9a-fA-F]+)(?:x([0-9a-fA-F]+)?)(?:x([0-9a-fA-F]+))?)
ok 730 - 874: re: (?^u:^([TUV]+|XXXXXXXXXX|YYYYYYYYYY|Z.Q*X|Z[TE]Q*P):). got: (?^u:^([TUV]+|XXXXXXXXXX|YYYYYYYYYY|Z.Q*X|Z[TE]Q*P):)
ok 731 - 875: re: (?^u:^([TUV]+|XXXXXXXXXX|YYYYYYYYYY|Z.Q*X|Z[TE]Q*P|[MKJ]):). got: (?^u:^([TUV]+|XXXXXXXXXX|YYYYYYYYYY|Z.Q*X|Z[TE]Q*P|[MKJ]):)
ok 732 - 876: re: (?^u:^([TUV]+|XXX|YYY|Z.Q*X|Z[TE]Q*P):). got: (?^u:^([TUV]+|XXX|YYY|Z.Q*X|Z[TE]Q*P):)
ok 733 - 877: re: (?^u:^([TUV]+|XXX|YYY|Z.Q*X|Z[TE]Q*P|[MKJ]):). got: (?^u:^([TUV]+|XXX|YYY|Z.Q*X|Z[TE]Q*P|[MKJ]):)
ok 734 - 878: re: (?^u:^([^,]*,){0,3}d). got: (?^u:^([^,]*,){0,3}d)
ok 735 - 879: re: (?^u:^([^,]*,){2}c). got: (?^u:^([^,]*,){2}c)
ok 736 - 880: re: (?^u:^([^,]*,){3,}d). got: (?^u:^([^,]*,){3,}d)
ok 737 - 881: re: (?^u:^([^,]*,){3}d). got: (?^u:^([^,]*,){3}d)
ok 738 - 882: re: (?^u:^([^,]{0,3},){0,3}d). got: (?^u:^([^,]{0,3},){0,3}d)
ok 739 - 883: re: (?^u:^([^,]{0,3},){3,}d). got: (?^u:^([^,]{0,3},){3,}d)
ok 740 - 884: re: (?^u:^([^,]{0,3},){3}d). got: (?^u:^([^,]{0,3},){3}d)
ok 741 - 885: re: (?^u:^([^,]{1,3},){0,3}d). got: (?^u:^([^,]{1,3},){0,3}d)
ok 742 - 886: re: (?^u:^([^,]{1,3},){3,}d). got: (?^u:^([^,]{1,3},){3,}d)
ok 743 - 887: re: (?^u:^([^,]{1,3},){3}d). got: (?^u:^([^,]{1,3},){3}d)
ok 744 - 888: re: (?^u:^([^,]{1,},){0,3}d). got: (?^u:^([^,]{1,},){0,3}d)
ok 745 - 889: re: (?^u:^([^,]{1,},){3,}d). got: (?^u:^([^,]{1,},){3,}d)
ok 746 - 890: re: (?^u:^([^,]{1,},){3}d). got: (?^u:^([^,]{1,},){3}d)
ok 747 - 891: re: (?^u:^([^a-z])|(\^)$). got: (?^u:^([^a-z])|(\^)$)
ok 748 - 892: re: (?^u:^([a-z]:)). got: (?^u:^([a-z]:))
ok 749 - 893: re: (?^u:^([a]{1})*$). got: (?^u:^([a]{1})*$)
ok 750 - 894: re: (?^u:^([ab]*?)(b)?(c)$). got: (?^u:^([ab]*?)(b)?(c)$)
ok 751 - 895: re: (?^u:^(\()?blah(?(1)(\)))$). got: (?^u:^(\()?blah(?(1)(\)))$)
ok 752 - 896: re: (?^u:^(\(+)?blah(?(1)(\)))$). got: (?^u:^(\(+)?blah(?(1)(\)))$)
Error: Eval-group not allowed at runtime, use re 'eval' in regex m/^(\x{100}|a)(??{ qr/.?\xF7/d})/ at xt/author/perl-5.21.11.t line 37, <DATA> line 1199.
ok 753 - 898: re: (?^u:^(a(?(1)\1)){4}$). got: (?^u:^(a(?(1)\1)){4}$)
Error: Eval-group not allowed at runtime, use re 'eval' in regex m/^(a(?{ "x" =~ m{x}})b)(??{ $1 })/ at xt/author/perl-5.21.11.t line 37, <DATA> line 1199.
ok 754 - 900: re: (?^u:^(a(b)?)+$). got: (?^u:^(a(b)?)+$)
ok 755 - 901: re: (?^u:^(a)?(?(1)a|b)+$). got: (?^u:^(a)?(?(1)a|b)+$)
ok 756 - 902: re: (?^u:^(a)?a$). got: (?^u:^(a)?a$)
ok 757 - 903: re: (?^u:^(a*?)(?!(aa|aaaa)*$)(?=a\z)). got: (?^u:^(a*?)(?!(aa|aaaa)*$)(?=a\z))
ok 758 - 904: re: (?^u:^(a+)*ax). got: (?^u:^(a+)*ax)
ok 759 - 905: re: (?^u:^(a\1?)(a\1?)(a\2?)(a\3?)$). got: (?^u:^(a\1?)(a\1?)(a\2?)(a\3?)$)
ok 760 - 906: re: (?^u:^(a\1?){4}$). got: (?^u:^(a\1?){4}$)
ok 761 - 907: re: (?^u:^(aa(bb)?)+$). got: (?^u:^(aa(bb)?)+$)
ok 762 - 908: re: (?^u:^(ab|cd)e). got: (?^u:^(ab|cd)e)
ok 763 - 909: re: (?^u:^(b+?|a){1,2}c). got: (?^u:^(b+?|a){1,2}c)
ok 764 - 910: re: (?^u:^.{2,3}?((?:b|a|r)+)\1\z). got: (?^u:^.{2,3}?((?:b|a|r)+)\1\z)
ok 765 - 911: re: (?^u:^.{2,3}?((?:b|a|r)+?)\1\z). got: (?^u:^.{2,3}?((?:b|a|r)+?)\1\z)
ok 766 - 912: re: (?^u:^.{2,3}?(.+)\1\z). got: (?^u:^.{2,3}?(.+)\1\z)
ok 767 - 913: re: (?^u:^.{2,3}?(.+?)\1\z). got: (?^u:^.{2,3}?(.+?)\1\z)
ok 768 - 914: re: (?^u:^.{3,4}((?:b|a|r)+)\1\z). got: (?^u:^.{3,4}((?:b|a|r)+)\1\z)
ok 769 - 915: re: (?^u:^.{3,4}((?:b|a|r)+?)\1\z). got: (?^u:^.{3,4}((?:b|a|r)+?)\1\z)
ok 770 - 916: re: (?^u:^.{3,4}(.+?)\1\z). got: (?^u:^.{3,4}(.+?)\1\z)
ok 771 - 917: re: (?^u:^A*\z). got: (?^u:^A*\z)
ok 772 - 918: re: (?^u:^[<>]&). got: (?^u:^[<>]&)
ok 773 - 919: re: (?^u:^[^bcd]*(c+)). got: (?^u:^[^bcd]*(c+))
ok 774 - 920: re: (?^u:^\R{2}$). got: (?^u:^\R{2}$)
ok 775 - 921: re: (?^u:^_?[^\S_0-9]\w*\z). got: (?^u:^_?[^\S_0-9]\w*\z)
Error: Eval-group not allowed at runtime, use re 'eval' in regex m/^a(?>(??{q(b)}))(??{q(c)})d/ at xt/author/perl-5.21.11.t line 37, <DATA> line 1199.
ok 776 - 923: re: (?^u:^a(bc+|b[eh])g|.h$). got: (?^u:^a(bc+|b[eh])g|.h$)
ok 777 - 924: re: (?^u:^a?\N$). got: (?^u:^a?\N$)
ok 778 - 925: re: (?^u:^abc). got: (?^u:^abc)
ok 779 - 926: re: (?^u:^abc$). got: (?^u:^abc$)
ok 780 - 927: re: (?^u:^b). got: (?^u:^b)
ok 781 - 928: re: (?^u:^m?(\D)(.*)\1$). got: (?^u:^m?(\D)(.*)\1$)
ok 782 - 929: re: (?^u:^m?(\S)(.*)\1$). got: (?^u:^m?(\S)(.*)\1$)
ok 783 - 930: re: (?^u:^m?(\W)(.*)\1$). got: (?^u:^m?(\W)(.*)\1$)
ok 784 - 931: re: (?^u:^m?(\d)(.*)\1$). got: (?^u:^m?(\d)(.*)\1$)
ok 785 - 932: re: (?^u:^m?(\s)(.*)\1$). got: (?^u:^m?(\s)(.*)\1$)
ok 786 - 933: re: (?^u:^m?(\w)(.*)\1$). got: (?^u:^m?(\w)(.*)\1$)
Error: Eval-group not allowed at runtime, use re 'eval' in regex m/^x(??{""})+$/ at xt/author/perl-5.21.11.t line 37, <DATA> line 1199.
ok 787 - 935: re: (?^u:^x?abc?de). got: (?^u:^x?abc?de)
ok 788 - 936: re: (?^u:a$). got: (?^u:a$)
ok 789 - 937: re: (?^u:a(.)\2147483648). got: (?^u:a(.)\2147483648)
ok 790 - 938: re: (?^u:a(.)\2147483649). got: (?^u:a(.)\2147483649)
ok 791 - 939: re: (?^u:a(.)\2147483650). got: (?^u:a(.)\2147483650)
'\429' resolved to '\o{42}9' in regex; marked by <-- HERE in m/a(.)\429 <-- HERE 4967296/ at xt/author/perl-5.21.11.t line 37, <DATA> line 1199.
ok 792 - 940: re: (?^u:a(.)\4294967296). got: (?^u:a(.)\4294967296)
'\429' resolved to '\o{42}9' in regex; marked by <-- HERE in m/a(.)\429 <-- HERE 4967297/ at xt/author/perl-5.21.11.t line 37, <DATA> line 1199.
ok 793 - 941: re: (?^u:a(.)\4294967297). got: (?^u:a(.)\4294967297)
'\429' resolved to '\o{42}9' in regex; marked by <-- HERE in m/a(.)\429 <-- HERE 4967298/ at xt/author/perl-5.21.11.t line 37, <DATA> line 1199.
ok 794 - 942: re: (?^u:a(.)\4294967298). got: (?^u:a(.)\4294967298)
Error: Reference to nonexistent group in regex; marked by <-- HERE in m/a(.)\g <-- HERE 2147483648}/ at xt/author/perl-5.21.11.t line 37, <DATA> line 1199.
Error: Reference to nonexistent group in regex; marked by <-- HERE in m/a(.)\g <-- HERE 2147483649}/ at xt/author/perl-5.21.11.t line 37, <DATA> line 1199.
Error: Reference to nonexistent group in regex; marked by <-- HERE in m/a(.)\g <-- HERE 2147483650}/ at xt/author/perl-5.21.11.t line 37, <DATA> line 1199.
Error: Reference to nonexistent group in regex; marked by <-- HERE in m/a(.)\g <-- HERE 4294967296}/ at xt/author/perl-5.21.11.t line 37, <DATA> line 1199.
Error: Reference to nonexistent group in regex; marked by <-- HERE in m/a(.)\g <-- HERE 4294967297}/ at xt/author/perl-5.21.11.t line 37, <DATA> line 1199.
Error: Reference to nonexistent group in regex; marked by <-- HERE in m/a(.)\g <-- HERE 4294967298}/ at xt/author/perl-5.21.11.t line 37, <DATA> line 1199.
Error: Reference to nonexistent group in regex; marked by <-- HERE in m/a(.)\g{ <-- HERE 2147483648}/ at xt/author/perl-5.21.11.t line 37, <DATA> line 1199.
Error: Reference to nonexistent group in regex; marked by <-- HERE in m/a(.)\g{ <-- HERE 2147483649}/ at xt/author/perl-5.21.11.t line 37, <DATA> line 1199.
Error: Reference to nonexistent group in regex; marked by <-- HERE in m/a(.)\g{ <-- HERE 2147483650}/ at xt/author/perl-5.21.11.t line 37, <DATA> line 1199.
Error: Reference to nonexistent group in regex; marked by <-- HERE in m/a(.)\g{ <-- HERE 4294967296}/ at xt/author/perl-5.21.11.t line 37, <DATA> line 1199.
Error: Reference to nonexistent group in regex; marked by <-- HERE in m/a(.)\g{ <-- HERE 4294967297}/ at xt/author/perl-5.21.11.t line 37, <DATA> line 1199.
Error: Reference to nonexistent group in regex; marked by <-- HERE in m/a(.)\g{ <-- HERE 4294967298}/ at xt/author/perl-5.21.11.t line 37, <DATA> line 1199.
ok 795 - 955: re: (?^u:a(?!b(?!c(?!d(?!e))))...(.)). got: (?^u:a(?!b(?!c(?!d(?!e))))...(.))
ok 796 - 956: re: (?^u:a(?!b).). got: (?^u:a(?!b).)
ok 797 - 957: re: (?^u:a(?:b|(c|e){1,2}?|d)+?(.)). got: (?^u:a(?:b|(c|e){1,2}?|d)+?(.))
ok 798 - 958: re: (?^u:a(?:b|c|d)(.)). got: (?^u:a(?:b|c|d)(.))
ok 799 - 959: re: (?^u:a(?:b|c|d)*(.)). got: (?^u:a(?:b|c|d)*(.))
ok 800 - 960: re: (?^u:a(?:b|c|d)+(.)). got: (?^u:a(?:b|c|d)+(.))
ok 801 - 961: re: (?^u:a(?:b|c|d)+?(.)). got: (?^u:a(?:b|c|d)+?(.))
ok 802 - 962: re: (?^u:a(?:b|c|d){2}(.)). got: (?^u:a(?:b|c|d){2}(.))
ok 803 - 963: re: (?^u:a(?:b|c|d){4,5}(.)). got: (?^u:a(?:b|c|d){4,5}(.))
ok 804 - 964: re: (?^u:a(?:b|c|d){4,5}?(.)). got: (?^u:a(?:b|c|d){4,5}?(.))
ok 805 - 965: re: (?^u:a(?:b|c|d){5,6}(.)). got: (?^u:a(?:b|c|d){5,6}(.))
ok 806 - 966: re: (?^u:a(?:b|c|d){5,6}?(.)). got: (?^u:a(?:b|c|d){5,6}?(.))
ok 807 - 967: re: (?^u:a(?:b|c|d){5,7}(.)). got: (?^u:a(?:b|c|d){5,7}(.))
ok 808 - 968: re: (?^u:a(?:b|c|d){5,7}?(.)). got: (?^u:a(?:b|c|d){5,7}?(.))
ok 809 - 969: re: (?^u:a(?:b|c|d){6,7}(.)). got: (?^u:a(?:b|c|d){6,7}(.))
ok 810 - 970: re: (?^u:a(?:b|c|d){6,7}?(.)). got: (?^u:a(?:b|c|d){6,7}?(.))
ok 811 - 971: re: (?^u:a(?=c|d).). got: (?^u:a(?=c|d).)
ok 812 - 972: re: (?^u:a(?=d).). got: (?^u:a(?=d).)
Error: Eval-group not allowed at runtime, use re 'eval' in regex m/a(?{"\{"})b/ at xt/author/perl-5.21.11.t line 37, <DATA> line 1199.
Error: Eval-group not allowed at runtime, use re 'eval' in regex m/a(?{"{"})b/ at xt/author/perl-5.21.11.t line 37, <DATA> line 1199.
Error: Eval-group not allowed at runtime, use re 'eval' in regex m/a(?{"{"}})b/ at xt/author/perl-5.21.11.t line 37, <DATA> line 1199.
Error: Eval-group not allowed at runtime, use re 'eval' in regex m/a(?{$::bl="\{"}).b/ at xt/author/perl-5.21.11.t line 37, <DATA> line 1199.
Error: Eval-group not allowed at runtime, use re 'eval' in regex m/a(?{$a=2;$b=3;($b)=$a})b/ at xt/author/perl-5.21.11.t line 37, <DATA> line 1199.
Error: Eval-group not allowed at runtime, use re 'eval' in regex m/a(?{f()+/ at xt/author/perl-5.21.11.t line 37, <DATA> line 1199.
Error: Eval-group not allowed at runtime, use re 'eval' in regex m/a(?{{1}+/ at xt/author/perl-5.21.11.t line 37, <DATA> line 1199.
Error: Eval-group not allowed at runtime, use re 'eval' in regex m/a(?{})b/ at xt/author/perl-5.21.11.t line 37, <DATA> line 1199.
Error: Eval-group not allowed at runtime, use re 'eval' in regex m/a(?{}})b/ at xt/author/perl-5.21.11.t line 37, <DATA> line 1199.
ok 813 - 982: re: (?^u:a([bc]*)(c*d)). got: (?^u:a([bc]*)(c*d))
ok 814 - 983: re: (?^u:a([bc]*)(c+d)). got: (?^u:a([bc]*)(c+d))
ok 815 - 984: re: (?^u:a([bc]*)c*). got: (?^u:a([bc]*)c*)
ok 816 - 985: re: (?^u:a([bc]+)(c*d)). got: (?^u:a([bc]+)(c*d))
ok 817 - 986: re: (?^u:a(bc)d). got: (?^u:a(bc)d)
ok 818 - 987: re: (?^u:a*). got: (?^u:a*)
ok 819 - 988: re: (?^u:a*(*F)). got: (?^u:a*(*F))
ok 820 - 989: re: (?^u:a*(*FAIL)). got: (?^u:a*(*FAIL))
ok 821 - 990: re: (?^u:a*(?!)). got: (?^u:a*(?!))
Error: Nested quantifiers in regex; marked by <-- HERE in m/a** <-- HERE / at xt/author/perl-5.21.11.t line 37, <DATA> line 1199.
ok 822 - 992: re: (?^u:a*+a). got: (?^u:a*+a)
ok 823 - 993: re: (?^u:a*+b). got: (?^u:a*+b)
ok 824 - 994: re: (?^u:a*abc?xyz+pqr{3}ab{2,}xy{4,5}pq{0,6}AB{0,}zz). got: (?^u:a*abc?xyz+pqr{3}ab{2,}xy{4,5}pq{0,6}AB{0,}zz)
ok 825 - 995: re: (?^u:a++a). got: (?^u:a++a)
ok 826 - 996: re: (?^u:a++b). got: (?^u:a++b)
ok 827 - 997: re: (?^u:a+b+c). got: (?^u:a+b+c)
ok 828 - 998: re: (?^u:a.*c). got: (?^u:a.*c)
ok 829 - 999: re: (?^u:a.+?c). got: (?^u:a.+?c)
ok 830 - 1000: re: (?^u:a.c). got: (?^u:a.c)
ok 831 - 1001: re: (?^u:a?+a). got: (?^u:a?+a)
ok 832 - 1002: re: (?^u:a?+b). got: (?^u:a?+b)
ok 833 - 1003: re: (?^u:a?\R). got: (?^u:a?\R)
ok 834 - 1004: re: (?^u:a?\X). got: (?^u:a?\X)
Error: Unmatched [ in regex; marked by <-- HERE in m/a[ <-- HERE / at xt/author/perl-5.21.11.t line 37, <DATA> line 1199.
ok 835 - 1006: re: (?^u:a[-]?c). got: (?^u:a[-]?c)
ok 836 - 1007: re: (?^u:a[-b]). got: (?^u:a[-b])
ok 837 - 1008: re: (?^u:a[\S]b). got: (?^u:a[\S]b)
ok 838 - 1009: re: (?^u:a[\s]b). got: (?^u:a[\s]b)
ok 839 - 1010: re: (?^u:a[]]b). got: (?^u:a[]]b)
Error: Unmatched [ in regex; marked by <-- HERE in m/a[ <-- HERE ]b/ at xt/author/perl-5.21.11.t line 37, <DATA> line 1199.
ok 840 - 1012: re: (?^u:a[^-b]c). got: (?^u:a[^-b]c)
ok 841 - 1013: re: (?^u:a[^]b]c). got: (?^u:a[^]b]c)
ok 842 - 1014: re: (?^u:a[^bc]d). got: (?^u:a[^bc]d)
ok 843 - 1015: re: (?^u:a[b-]). got: (?^u:a[b-])
Error: Invalid [] range "b-a" in regex; marked by <-- HERE in m/a[b-a <-- HERE ]/ at xt/author/perl-5.21.11.t line 37, <DATA> line 1199.
ok 844 - 1017: re: (?^u:a[b-d]). got: (?^u:a[b-d])
ok 845 - 1018: re: (?^u:a[b-d]e). got: (?^u:a[b-d]e)
ok 846 - 1019: re: (?^u:a[b]d). got: (?^u:a[b]d)
ok 847 - 1020: re: (?^u:a[bc]d). got: (?^u:a[bc]d)
ok 848 - 1021: re: (?^u:a[bcd]*dcdcde). got: (?^u:a[bcd]*dcdcde)
ok 849 - 1022: re: (?^u:a[bcd]+dcdcde). got: (?^u:a[bcd]+dcdcde)
Error: Trailing \ in regex m/a\/ at xt/author/perl-5.21.11.t line 37, <DATA> line 1199.
Marpa warning. Parse ambiguous. Status: No parse. Terminals expected: [Lex-0], open_parenthesis, caret, close_parenthesis, open_bracket, slash, escaped_close_parenthesis, escaped_open_parenthesis, escaped_slash, character_set
Marpa warning. Parse ambiguous. Status: No parse. Terminals expected: [Lex-0], open_parenthesis, caret, close_parenthesis, open_bracket, slash, escaped_close_parenthesis, escaped_open_parenthesis, escaped_slash, character_set
Error: Reference to nonexistent group in regex; marked by <-- HERE in m/a\87 <-- HERE / at xt/author/perl-5.21.11.t line 37, <DATA> line 1199.
Error: Reference to nonexistent group in regex; marked by <-- HERE in m/a\97 <-- HERE / at xt/author/perl-5.21.11.t line 37, <DATA> line 1199.
ok 850 - 1028: re: (?^u:a\N*c). got: (?^u:a\N*c)
ok 851 - 1029: re: (?^u:a\Nc). got: (?^u:a\Nc)
ok 852 - 1030: re: (?^u:a\Sb). got: (?^u:a\Sb)
ok 853 - 1031: re: (?^u:a\Z). got: (?^u:a\Z)
ok 854 - 1032: re: (?^u:a\\b). got: (?^u:a\\b)
ok 855 - 1033: re: (?^u:a\sb). got: (?^u:a\sb)
ok 856 - 1034: re: (?^u:a\z). got: (?^u:a\z)
ok 857 - 1035: re: (?^u:a]). got: (?^u:a])
ok 858 - 1036: re: (?^u:aa$). got: (?^u:aa$)
ok 859 - 1037: re: (?^u:aa\Z). got: (?^u:aa\Z)
ok 860 - 1038: re: (?^u:aa\z). got: (?^u:aa\z)
ok 861 - 1039: re: (?^u:ab$). got: (?^u:ab$)
Error: Eval-group not allowed at runtime, use re 'eval' in regex m/ab(??{"[x]"})cd/ at xt/author/perl-5.21.11.t line 37, <DATA> line 1199.
ok 862 - 1041: re: (?^u:ab(?i)cd). got: (?^u:ab(?i)cd)
Error: Eval-group not allowed at runtime, use re 'eval' in regex m/ab(?{"["})cd/ at xt/author/perl-5.21.11.t line 37, <DATA> line 1199.
ok 863 - 1043: re: (?^u:ab*). got: (?^u:ab*)
ok 864 - 1044: re: (?^u:ab*bc). got: (?^u:ab*bc)
ok 865 - 1045: re: (?^u:ab*c). got: (?^u:ab*c)
ok 866 - 1046: re: (?^u:ab+bc). got: (?^u:ab+bc)
ok 867 - 1047: re: (?^u:ab?bc). got: (?^u:ab?bc)
ok 868 - 1048: re: (?^u:ab?c). got: (?^u:ab?c)
Marpa warning. Parse ambiguous. Status: No parse. Terminals expected: [Lex-0], open_parenthesis, caret, close_parenthesis, open_bracket, slash, escaped_close_parenthesis, escaped_open_parenthesis, escaped_slash, character_set
Marpa warning. Parse ambiguous. Status: No parse. Terminals expected: [Lex-0], open_parenthesis, caret, close_parenthesis, open_bracket, slash, escaped_close_parenthesis, escaped_open_parenthesis, escaped_slash, character_set
ok 869 - 1051: re: (?^u:ab[c\\\](??{"x"})]{3}d). got: (?^u:ab[c\\\](??{"x"})]{3}d)
Error: Eval-group not allowed at runtime, use re 'eval' in regex m/ab[c\\](??{"[x]"})d/ at xt/author/perl-5.21.11.t line 37, <DATA> line 1199.
Marpa warning. Parse ambiguous. Status: No parse. Terminals expected: [Lex-0], open_parenthesis, caret, close_parenthesis, open_bracket, slash, escaped_close_parenthesis, escaped_open_parenthesis, escaped_slash, character_set
ok 870 - 1054: re: (?^u:ab\Z). got: (?^u:ab\Z)
Error: Eval-group not allowed at runtime, use re 'eval' in regex m/ab\[(??{1})c/ at xt/author/perl-5.21.11.t line 37, <DATA> line 1199.
ok 871 - 1056: re: (?^u:ab\\[(??{1;})]c). got: (?^u:ab\\[(??{1;})]c)
Error: Eval-group not allowed at runtime, use re 'eval' in regex m/ab\\\[(??{1})c/ at xt/author/perl-5.21.11.t line 37, <DATA> line 1199.
ok 872 - 1058: re: (?^u:ab\z). got: (?^u:ab\z)
ok 873 - 1059: re: (?^u:abb$). got: (?^u:abb$)
ok 874 - 1060: re: (?^u:abb\Z). got: (?^u:abb\Z)
ok 875 - 1061: re: (?^u:abb\z). got: (?^u:abb\z)
ok 876 - 1062: re: (?^u:abc). got: (?^u:abc)
ok 877 - 1063: re: (?^u:abc$). got: (?^u:abc$)
Error: Unmatched ) in regex; marked by <-- HERE in m/abc) <-- HERE / at xt/author/perl-5.21.11.t line 37, <DATA> line 1199.
ok 878 - 1065: re: (?^u:abc\N). got: (?^u:abc\N)
ok 879 - 1066: re: (?^u:abc\N\{U+BEEF}). got: (?^u:abc\N\{U+BEEF})
Error: \N{NAME} must be resolved by the lexer in regex; marked by <-- HERE in m/abc\N{ <-- HERE def/ at xt/author/perl-5.21.11.t line 37, <DATA> line 1199.
ok 880 - 1068: re: (?^u:abcd). got: (?^u:abcd)
ok 881 - 1069: re: (?^u:abcd*efg). got: (?^u:abcd*efg)
ok 882 - 1070: re: (?^u:ab{0,1}bc). got: (?^u:ab{0,1}bc)
ok 883 - 1071: re: (?^u:ab{0,1}c). got: (?^u:ab{0,1}c)
ok 884 - 1072: re: (?^u:ab{0,}bc). got: (?^u:ab{0,}bc)
ok 885 - 1073: re: (?^u:ab{1,3}bc). got: (?^u:ab{1,3}bc)
ok 886 - 1074: re: (?^u:ab{1,}bc). got: (?^u:ab{1,}bc)
ok 887 - 1075: re: (?^u:ab{3,4}bc). got: (?^u:ab{3,4}bc)
ok 888 - 1076: re: (?^u:ab{4,5}bc). got: (?^u:ab{4,5}bc)
ok 889 - 1077: re: (?^u:ab|cd). got: (?^u:ab|cd)
ok 890 - 1078: re: (?^u:a{1,5}+a). got: (?^u:a{1,5}+a)
ok 891 - 1079: re: (?^u:a{1,5}+b). got: (?^u:a{1,5}+b)
ok 892 - 1080: re: (?^u:a{1,}b{1,}c). got: (?^u:a{1,}b{1,}c)
ok 893 - 1081: re: (?^u:a|b|c|d|e). got: (?^u:a|b|c|d|e)
ok 894 - 1082: re: (?^u:foo(?0)?bar). got: (?^u:foo(?0)?bar)
ok 895 - 1083: re: (?^u:foo(?:aA)*+(?:aA)). got: (?^u:foo(?:aA)*+(?:aA))
ok 896 - 1084: re: (?^u:foo(?:aA)*+b). got: (?^u:foo(?:aA)*+b)
ok 897 - 1085: re: (?^u:foo(?:aA)++(?:aA)). got: (?^u:foo(?:aA)++(?:aA))
ok 898 - 1086: re: (?^u:foo(?:aA)++b). got: (?^u:foo(?:aA)++b)
ok 899 - 1087: re: (?^u:foo(?:aA)?+(?:aA)). got: (?^u:foo(?:aA)?+(?:aA))
ok 900 - 1088: re: (?^u:foo(?:aA)?+b). got: (?^u:foo(?:aA)?+b)
ok 901 - 1089: re: (?^u:foo(?:aA){1,5}+(?:aA)). got: (?^u:foo(?:aA){1,5}+(?:aA))
ok 902 - 1090: re: (?^u:foo(?:aA){1,5}+b). got: (?^u:foo(?:aA){1,5}+b)
ok 903 - 1091: re: (?^u:foo(?:aA|bB)*+(?:aA|bB)). got: (?^u:foo(?:aA|bB)*+(?:aA|bB))
ok 904 - 1092: re: (?^u:foo(?:aA|bB)*+b). got: (?^u:foo(?:aA|bB)*+b)
ok 905 - 1093: re: (?^u:foo(?:aA|bB)++(?:aA|bB)). got: (?^u:foo(?:aA|bB)++(?:aA|bB))
ok 906 - 1094: re: (?^u:foo(?:aA|bB)++b). got: (?^u:foo(?:aA|bB)++b)
ok 907 - 1095: re: (?^u:foo(?:aA|bB)?+(?:aA|bB)). got: (?^u:foo(?:aA|bB)?+(?:aA|bB))
ok 908 - 1096: re: (?^u:foo(?:aA|bB)?+b). got: (?^u:foo(?:aA|bB)?+b)
ok 909 - 1097: re: (?^u:foo(?:aA|bB){1,5}+(?:aA|bB)). got: (?^u:foo(?:aA|bB){1,5}+(?:aA|bB))
ok 910 - 1098: re: (?^u:foo(?:aA|bB){1,5}+b). got: (?^u:foo(?:aA|bB){1,5}+b)
ok 911 - 1099: re: (?^u:foo(?R)?bar). got: (?^u:foo(?R)?bar)
ok 912 - 1100: re: (?^u:foo(\R)bar). got: (?^u:foo(\R)bar)
ok 913 - 1101: re: (?^u:foo(\R+)bar). got: (?^u:foo(\R+)bar)
ok 914 - 1102: re: (?^u:foo(\h)bar). got: (?^u:foo(\h)bar)
ok 915 - 1103: re: (?^u:foo(\h+)bar). got: (?^u:foo(\h+)bar)
ok 916 - 1104: re: (?^u:foo(\v)bar). got: (?^u:foo(\v)bar)
ok 917 - 1105: re: (?^u:foo(\v+)bar). got: (?^u:foo(\v+)bar)
ok 918 - 1106: re: (?^u:foo(aA)*+(aA)). got: (?^u:foo(aA)*+(aA))
ok 919 - 1107: re: (?^u:foo(aA)*+b). got: (?^u:foo(aA)*+b)
ok 920 - 1108: re: (?^u:foo(aA)++(aA)). got: (?^u:foo(aA)++(aA))
ok 921 - 1109: re: (?^u:foo(aA)++b). got: (?^u:foo(aA)++b)
ok 922 - 1110: re: (?^u:foo(aA)?+(aA)). got: (?^u:foo(aA)?+(aA))
ok 923 - 1111: re: (?^u:foo(aA)?+b). got: (?^u:foo(aA)?+b)
ok 924 - 1112: re: (?^u:foo(aA){1,5}+(aA)). got: (?^u:foo(aA){1,5}+(aA))
ok 925 - 1113: re: (?^u:foo(aA){1,5}+b). got: (?^u:foo(aA){1,5}+b)
ok 926 - 1114: re: (?^u:foo(aA|bB)*+(aA|bB)). got: (?^u:foo(aA|bB)*+(aA|bB))
ok 927 - 1115: re: (?^u:foo(aA|bB)*+b). got: (?^u:foo(aA|bB)*+b)
ok 928 - 1116: re: (?^u:foo(aA|bB)++(aA|bB)). got: (?^u:foo(aA|bB)++(aA|bB))
ok 929 - 1117: re: (?^u:foo(aA|bB)++b). got: (?^u:foo(aA|bB)++b)
ok 930 - 1118: re: (?^u:foo(aA|bB)?+(aA|bB)). got: (?^u:foo(aA|bB)?+(aA|bB))
ok 931 - 1119: re: (?^u:foo(aA|bB)?+b). got: (?^u:foo(aA|bB)?+b)
ok 932 - 1120: re: (?^u:foo(aA|bB){1,5}+(aA|bB)). got: (?^u:foo(aA|bB){1,5}+(aA|bB))
ok 933 - 1121: re: (?^u:foo(aA|bB){1,5}+b). got: (?^u:foo(aA|bB){1,5}+b)
ok 934 - 1122: re: (?^u:foo.bart). got: (?^u:foo.bart)
ok 935 - 1123: re: (?^u:foo\w*\d{4}baz). got: (?^u:foo\w*\d{4}baz)
ok 936 - 1124: re: (?^u:fooa*+a). got: (?^u:fooa*+a)
ok 937 - 1125: re: (?^u:fooa*+b). got: (?^u:fooa*+b)
ok 938 - 1126: re: (?^u:fooa++a). got: (?^u:fooa++a)
ok 939 - 1127: re: (?^u:fooa++b). got: (?^u:fooa++b)
ok 940 - 1128: re: (?^u:fooa?+a). got: (?^u:fooa?+a)
ok 941 - 1129: re: (?^u:fooa?+b). got: (?^u:fooa?+b)
ok 942 - 1130: re: (?^u:fooa{1,5}+a). got: (?^u:fooa{1,5}+a)
ok 943 - 1131: re: (?^u:fooa{1,5}+b). got: (?^u:fooa{1,5}+b)
ok 944 - 1132: re: (?^u:m?^xy\?$?). got: (?^u:m?^xy\?$?)
ok 945 - 1133: re: (?^u:multiple words). got: (?^u:multiple words)
ok 946 - 1134: re: (?^u:multiple words of text). got: (?^u:multiple words of text)
ok 947 - 1135: re: (?^u:o(?<=foo)Y). got: (?^u:o(?<=foo)Y)
ok 948 - 1136: re: (?^u:round\(((?>[^()]+))\)). got: (?^u:round\(((?>[^()]+))\))
ok 949 - 1137: re: (?^u:round\(([^()]++)\)). got: (?^u:round\(([^()]++)\))
ok 950 - 1138: re: (?^u:tt+$). got: (?^u:tt+$)
ok 951 - 1139: re: (?^u:x(~~)*(?:(?:F)?)?). got: (?^u:x(~~)*(?:(?:F)?)?)
1..951
